<?xml version="1.0" encoding="UTF-8"?>
<testsuite xmlns:xsi="http://www.w3.org/2001/XMLSchema-instance" xsi:noNamespaceSchemaLocation="https://maven.apache.org/surefire/maven-surefire-plugin/xsd/surefire-test-report-3.0.xsd" version="3.0" name="runners.TestRunner" time="15.478" tests="5" errors="0" skipped="0" failures="3">
  <properties>
[...]
</properties>
  <testcase name="runScenario[&quot;Open Amazon Home Page&quot;, &quot;Amazon Web Testing&quot;](1)" classname="runners.TestRunner" time="6.966">
    <failure message="no such element: Unable to locate element: {&quot;method&quot;:&quot;css selector&quot;,&quot;selector&quot;:&quot;#ap_password&quot;}&#10;  (Session info: chrome=134.0.6998.37)&#10;For documentation on this error, please visit: https://www.selenium.dev/documentation/webdriver/troubleshooting/errors#no-such-element-exception&#10;Build info: version: &apos;4.15.0&apos;, revision: &apos;1d14b5521b&apos;&#10;System info: os.name: &apos;Windows 11&apos;, os.arch: &apos;amd64&apos;, os.version: &apos;10.0&apos;, java.version: &apos;21.0.5&apos;&#10;Driver info: org.openqa.selenium.chrome.ChromeDriver&#10;Command: [fde4f9646387c406622dc592d164ff86, findElement {using=id, value=ap_password}]&#10;Capabilities {acceptInsecureCerts: false, browserName: chrome, browserVersion: 134.0.6998.37, chrome: {chromedriverVersion: 134.0.6998.88 (7e3d5c978c6d..., userDataDir: C:\Users\51ram\AppData\Loca...}, fedcm:accounts: true, goog:chromeOptions: {debuggerAddress: localhost:55448}, networkConnectionEnabled: false, pageLoadStrategy: normal, platformName: windows, proxy: Proxy(), se:cdp: ws://localhost:55448/devtoo..., se:cdpVersion: 134.0.6998.37, setWindowRect: true, strictFileInteractability: false, timeouts: {implicit: 0, pageLoad: 300000, script: 30000}, unhandledPromptBehavior: dismiss and notify, webauthn:extension:credBlob: true, webauthn:extension:largeBlob: true, webauthn:extension:minPinLength: true, webauthn:extension:prf: true, webauthn:virtualAuthenticators: true}&#10;Session ID: fde4f9646387c406622dc592d164ff86" type="org.openqa.selenium.NoSuchElementException"><![CDATA[org.openqa.selenium.NoSuchElementException: 
no such element: Unable to locate element: {"method":"css selector","selector":"#ap_password"}
  (Session info: chrome=134.0.6998.37)
For documentation on this error, please visit: https://www.selenium.dev/documentation/webdriver/troubleshooting/errors#no-such-element-exception
Build info: version: '4.15.0', revision: '1d14b5521b'
System info: os.name: 'Windows 11', os.arch: 'amd64', os.version: '10.0', java.version: '21.0.5'
Driver info: org.openqa.selenium.chrome.ChromeDriver
Command: [fde4f9646387c406622dc592d164ff86, findElement {using=id, value=ap_password}]
Capabilities {acceptInsecureCerts: false, browserName: chrome, browserVersion: 134.0.6998.37, chrome: {chromedriverVersion: 134.0.6998.88 (7e3d5c978c6d..., userDataDir: C:\Users\51ram\AppData\Loca...}, fedcm:accounts: true, goog:chromeOptions: {debuggerAddress: localhost:55448}, networkConnectionEnabled: false, pageLoadStrategy: normal, platformName: windows, proxy: Proxy(), se:cdp: ws://localhost:55448/devtoo..., se:cdpVersion: 134.0.6998.37, setWindowRect: true, strictFileInteractability: false, timeouts: {implicit: 0, pageLoad: 300000, script: 30000}, unhandledPromptBehavior: dismiss and notify, webauthn:extension:credBlob: true, webauthn:extension:largeBlob: true, webauthn:extension:minPinLength: true, webauthn:extension:prf: true, webauthn:virtualAuthenticators: true}
Session ID: fde4f9646387c406622dc592d164ff86
]]></failure>
    <system-out><![CDATA[
@UI @Regression
Scenario: Open Amazon Home Page         &amp#27;[90m# src/test/resources/features/amazon.feature:6&amp#27;[0m
2025-03-11 16:20:32 [main] INFO  JsonReader - ✅ JSON files loaded successfully.
2025-03-11 16:20:32 [main] INFO  DriverManager - Initializing WebDriver for: chrome
2025-03-11 16:20:34 [main] INFO  DriverManager - ChromeDriver initialized.
2025-03-11 16:20:34 [main] WARN  JsonReader - ⚠️ Config value not found: amazonUrl
  &amp#27;[32mGiven &amp#27;[0m&amp#27;[32mI open the &amp#27;[0m&amp#27;[32m&amp#27;[1m"amazonhome"&amp#27;[0m&amp#27;[32m website&amp#27;[0m &amp#27;[90m# stepDefinitions.AmazonSteps.iOpenTheWebsite(java.lang.String)&amp#27;[0m
2025-03-11 16:20:37 [main] INFO  AmazonSteps - Trying to click on: HomePage - searchBox
2025-03-11 16:20:37 [main] INFO  CommonLib - ⏳ Tıklanacak element bekleniyor: By.xpath: //input[@id='twotabsearchtextbox']
2025-03-11 16:20:37 [main] INFO  CommonLib - ✅ Element başarıyla tıklandı: By.xpath: //input[@id='twotabsearchtextbox']
2025-03-11 16:20:37 [main] INFO  CommonLib - 📸 Element tıklama sonrası ekran görüntüsü alınıyor...
  &amp#27;[32mThen &amp#27;[0m&amp#27;[32mI click &amp#27;[0m&amp#27;[32m&amp#27;[1m"HomePage"&amp#27;[0m&amp#27;[32m &amp#27;[0m&amp#27;[32m&amp#27;[1m"searchBox"&amp#27;[0m   &amp#27;[90m# stepDefinitions.AmazonSteps.iClick(java.lang.String,java.lang.String)&amp#27;[0m
2025-03-11 16:20:37 [main] INFO  AmazonSteps - Logging in to Amazon...
2025-03-11 16:20:37 [main] WARN  JsonReader - ⚠️ Config value not found: credentials.username
2025-03-11 16:20:37 [main] WARN  JsonReader - ⚠️ Config value not found: credentials.password
  &amp#27;[31mThen &amp#27;[0m&amp#27;[31mI log in to Amazon&amp#27;[0m               &amp#27;[90m# stepDefinitions.AmazonSteps.i_log_in_to_amazon()&amp#27;[0m
      &amp#27;[31morg.openqa.selenium.NoSuchElementException: no such element: Unable to locate element: {"method":"css selector","selector":"#ap_password"}
  (Session info: chrome=134.0.6998.37)
For documentation on this error, please visit: https://www.selenium.dev/documentation/webdriver/troubleshooting/errors#no-such-element-exception
Build info: version: '4.15.0', revision: '1d14b5521b'
System info: os.name: 'Windows 11', os.arch: 'amd64', os.version: '10.0', java.version: '21.0.5'
Driver info: org.openqa.selenium.chrome.ChromeDriver
Command: [fde4f9646387c406622dc592d164ff86, findElement {using=id, value=ap_password}]
Capabilities {acceptInsecureCerts: false, browserName: chrome, browserVersion: 134.0.6998.37, chrome: {chromedriverVersion: 134.0.6998.88 (7e3d5c978c6d..., userDataDir: C:\Users\51ram\AppData\Loca...}, fedcm:accounts: true, goog:chromeOptions: {debuggerAddress: localhost:55448}, networkConnectionEnabled: false, pageLoadStrategy: normal, platformName: windows, proxy: Proxy(), se:cdp: ws://localhost:55448/devtoo..., se:cdpVersion: 134.0.6998.37, setWindowRect: true, strictFileInteractability: false, timeouts: {implicit: 0, pageLoad: 300000, script: 30000}, unhandledPromptBehavior: dismiss and notify, webauthn:extension:credBlob: true, webauthn:extension:largeBlob: true, webauthn:extension:minPinLength: true, webauthn:extension:prf: true, webauthn:virtualAuthenticators: true}
Session ID: fde4f9646387c406622dc592d164ff86
	at java.base/jdk.internal.reflect.DirectConstructorHandleAccessor.newInstance(DirectConstructorHandleAccessor.java:62)
	at java.base/java.lang.reflect.Constructor.newInstanceWithCaller(Constructor.java:502)
	at java.base/java.lang.reflect.Constructor.newInstance(Constructor.java:486)
	at org.openqa.selenium.remote.codec.w3c.W3CHttpResponseCodec.createException(W3CHttpResponseCodec.java:200)
	at org.openqa.selenium.remote.codec.w3c.W3CHttpResponseCodec.decode(W3CHttpResponseCodec.java:133)
	at org.openqa.selenium.remote.codec.w3c.W3CHttpResponseCodec.decode(W3CHttpResponseCodec.java:52)
	at org.openqa.selenium.remote.HttpCommandExecutor.execute(HttpCommandExecutor.java:191)
	at org.openqa.selenium.remote.service.DriverCommandExecutor.invokeExecute(DriverCommandExecutor.java:200)
	at org.openqa.selenium.remote.service.DriverCommandExecutor.execute(DriverCommandExecutor.java:175)
	at org.openqa.selenium.remote.RemoteWebDriver.execute(RemoteWebDriver.java:607)
	at org.openqa.selenium.remote.ElementLocation$ElementFinder$2.findElement(ElementLocation.java:165)
	at org.openqa.selenium.remote.ElementLocation.findElement(ElementLocation.java:59)
	at org.openqa.selenium.remote.RemoteWebDriver.findElement(RemoteWebDriver.java:364)
	at org.openqa.selenium.remote.RemoteWebDriver.findElement(RemoteWebDriver.java:358)
	at stepDefinitions.AmazonSteps.i_log_in_to_amazon(AmazonSteps.java:45)
	at ✽.I log in to Amazon(file:///C:/Users/51ram/IdeaProjects/CucumberAmazonTest/src/test/resources/features/amazon.feature:9)
&amp#27;[0m
]]></system-out>
    <system-err><![CDATA[SLF4J(W): No SLF4J providers were found.
SLF4J(W): Defaulting to no-operation (NOP) logger implementation
SLF4J(W): See https://www.slf4j.org/codes.html#noProviders for further details.
Mar 11, 2025 4:20:33 ÖS org.openqa.selenium.devtools.CdpVersionFinder findNearestMatch
WARNING: Unable to find CDP implementation matching 134
Mar 11, 2025 4:20:34 ÖS org.openqa.selenium.chromium.ChromiumDriver lambda$new$5
WARNING: Unable to find version of CDP to use for 134.0.6998.37. You may need to include a dependency on a specific version of the CDP using something similar to `org.seleniumhq.selenium:selenium-devtools-v86:4.15.0` where the version ("v86") matches the version of the chromium-based browser you're using and the version number of the artifact is the same as Selenium's.
]]></system-err>
  </testcase>
  <testcase name="runScenario[&quot;Create a new user via API&quot;, &quot;API Tests on Reqres&quot;](2)" classname="runners.TestRunner" time="1.358">
    <failure message="The step &apos;I should see the created user&apos;s ID&apos; is undefined.&#10;You can implement this step using the snippet(s) below:&#10;&#10;@Then(&quot;I should see the created user&apos;s ID&quot;)&#10;public void i_should_see_the_created_user_s_id() {&#10;    // Write code here that turns the phrase above into concrete actions&#10;    throw new io.cucumber.java.PendingException();&#10;}&#10;" type="io.cucumber.testng.UndefinedStepException"><![CDATA[io.cucumber.testng.UndefinedStepException: 
The step 'I should see the created user's ID' is undefined.
You can implement this step using the snippet(s) below:

@Then("I should see the created user's ID")
public void i_should_see_the_created_user_s_id() {
    // Write code here that turns the phrase above into concrete actions
    throw new io.cucumber.java.PendingException();
}

]]></failure>
    <system-out><![CDATA[
@API @Regression
Scenario: Create a new user via API                                              &amp#27;[90m# src/test/resources/features/api.feature:5&amp#27;[0m
2025-03-11 16:20:38 [main] INFO  ApiSteps - Creating a user with name: John and job: Tester
2025-03-11 16:20:40 [main] INFO  ApiSteps - Response: {"name":"John","job":"Tester","id":"265","createdAt":"2025-03-11T13:20:39.885Z"}
2025-03-11 16:20:40 [main] INFO  ApiSteps - Created User ID: 265
  &amp#27;[32mGiven &amp#27;[0m&amp#27;[32mI send a POST request to create a user with name &amp#27;[0m&amp#27;[32m&amp#27;[1m"John"&amp#27;[0m&amp#27;[32m and job &amp#27;[0m&amp#27;[32m&amp#27;[1m"Tester"&amp#27;[0m &amp#27;[90m# stepDefinitions.ApiSteps.createUser(java.lang.String,java.lang.String)&amp#27;[0m
2025-03-11 16:20:40 [main] INFO  ApiSteps - Verifying response status code: Expected = 201, Actual = 201
  &amp#27;[32mThen &amp#27;[0m&amp#27;[32mthe response status code should be &amp#27;[0m&amp#27;[32m&amp#27;[1m201&amp#27;[0m                                    &amp#27;[90m# stepDefinitions.ApiSteps.verifyStatusCode(int)&amp#27;[0m
  &amp#27;[33mAnd &amp#27;[0m&amp#27;[33mI should see the created user's ID&amp#27;[0m
]]></system-out>
  </testcase>
  <testcase name="runScenario[&quot;Update an existing user via API&quot;, &quot;API Tests on Reqres&quot;](3)" classname="runners.TestRunner" time="0.272">
    <system-out><![CDATA[
@API @Regression
Scenario: Update an existing user via API                                              &amp#27;[90m# src/test/resources/features/api.feature:10&amp#27;[0m
2025-03-11 16:20:40 [main] INFO  ApiSteps - Updating user with ID: 2 to name: Mike and job: Manager
2025-03-11 16:20:40 [main] INFO  ApiSteps - Response: {"name":"Mike","job":"Manager","updatedAt":"2025-03-11T13:20:40.152Z"}
  &amp#27;[32mGiven &amp#27;[0m&amp#27;[32mI send a PUT request to update user with ID 2 to name &amp#27;[0m&amp#27;[32m&amp#27;[1m"Mike"&amp#27;[0m&amp#27;[32m and job &amp#27;[0m&amp#27;[32m&amp#27;[1m"Manager"&amp#27;[0m &amp#27;[90m# stepDefinitions.ApiSteps.updateUser(java.lang.String,java.lang.String)&amp#27;[0m
2025-03-11 16:20:40 [main] INFO  ApiSteps - Verifying response status code: Expected = 200, Actual = 200
  &amp#27;[32mThen &amp#27;[0m&amp#27;[32mthe response status code should be &amp#27;[0m&amp#27;[32m&amp#27;[1m200&amp#27;[0m                                          &amp#27;[90m# stepDefinitions.ApiSteps.verifyStatusCode(int)&amp#27;[0m
2025-03-11 16:20:40 [main] INFO  ApiSteps - Verifying updated user details...
2025-03-11 16:20:40 [main] INFO  ApiSteps - Updated Name: Mike
2025-03-11 16:20:40 [main] INFO  ApiSteps - Updated Job: Manager
  &amp#27;[32mAnd &amp#27;[0m&amp#27;[32mI should see the updated user details&amp#27;[0m                                            &amp#27;[90m# stepDefinitions.ApiSteps.verifyUpdatedUserDetails()&amp#27;[0m
]]></system-out>
  </testcase>
  <testcase name="runScenario[&quot;Delete a user via API&quot;, &quot;API Tests on Reqres&quot;](4)" classname="runners.TestRunner" time="0.249">
    <system-out><![CDATA[
@API @Regression
Scenario: Delete a user via API                          &amp#27;[90m# src/test/resources/features/api.feature:15&amp#27;[0m
2025-03-11 16:20:40 [main] INFO  ApiSteps - Deleting user with ID: 2
2025-03-11 16:20:40 [main] INFO  ApiSteps - Response status: 204
  &amp#27;[32mGiven &amp#27;[0m&amp#27;[32mI send a DELETE request to remove user with ID 2&amp#27;[0m &amp#27;[90m# stepDefinitions.ApiSteps.deleteUser()&amp#27;[0m
2025-03-11 16:20:40 [main] INFO  ApiSteps - Verifying response status code: Expected = 204, Actual = 204
  &amp#27;[32mThen &amp#27;[0m&amp#27;[32mthe response status code should be &amp#27;[0m&amp#27;[32m&amp#27;[1m204&amp#27;[0m            &amp#27;[90m# stepDefinitions.ApiSteps.verifyStatusCode(int)&amp#27;[0m
]]></system-out>
  </testcase>
  <testcase name="runScenario[&quot;Validate delayed response from API&quot;, &quot;API Tests on Reqres&quot;](5)" classname="runners.TestRunner" time="5.517">
    <failure message="expected [200] but found [404]" type="java.lang.AssertionError"><![CDATA[java.lang.AssertionError: expected [200] but found [404]
]]></failure>
    <system-out><![CDATA[
@API @Regression
Scenario: Validate delayed response from API                      &amp#27;[90m# src/test/resources/features/api.feature:19&amp#27;[0m
2025-03-11 16:20:40 [main] INFO  ApiSteps - Creating a user with name: Alice and job: Developer
2025-03-11 16:20:40 [main] INFO  ApiSteps - Response: {"name":"Alice","job":"Developer","id":"809","createdAt":"2025-03-11T13:20:40.656Z"}
2025-03-11 16:20:40 [main] INFO  ApiSteps - Created User ID: 809
  &amp#27;[32mGiven &amp#27;[0m&amp#27;[32mI create a new user with name &amp#27;[0m&amp#27;[32m&amp#27;[1m"Alice"&amp#27;[0m&amp#27;[32m and job &amp#27;[0m&amp#27;[32m&amp#27;[1m"Developer"&amp#27;[0m &amp#27;[90m# stepDefinitions.ApiSteps.createDelayedUser(java.lang.String,java.lang.String)&amp#27;[0m
2025-03-11 16:20:40 [main] INFO  ApiSteps - Fetching user details with a 5-second delay...
2025-03-11 16:20:46 [main] INFO  ApiSteps - Response: {}
  &amp#27;[32mWhen &amp#27;[0m&amp#27;[32mI send a request to get user details with a 5-second delay&amp#27;[0m &amp#27;[90m# stepDefinitions.ApiSteps.getUserWithDelay()&amp#27;[0m
2025-03-11 16:20:46 [main] INFO  ApiSteps - Verifying response status code: Expected = 200, Actual = 404
  &amp#27;[31mThen &amp#27;[0m&amp#27;[31mthe response status code should be &amp#27;[0m&amp#27;[31m&amp#27;[1m200&amp#27;[0m                     &amp#27;[90m# stepDefinitions.ApiSteps.verifyStatusCode(int)&amp#27;[0m
      &amp#27;[31mjava.lang.AssertionError: expected [200] but found [404]
	at org.testng.Assert.fail(Assert.java:111)
	at org.testng.Assert.failNotEquals(Assert.java:1578)
	at org.testng.Assert.assertEqualsImpl(Assert.java:150)
	at org.testng.Assert.assertEquals(Assert.java:132)
	at org.testng.Assert.assertEquals(Assert.java:1419)
	at org.testng.Assert.assertEquals(Assert.java:1383)
	at org.testng.Assert.assertEquals(Assert.java:1429)
	at stepDefinitions.ApiSteps.verifyStatusCode(ApiSteps.java:46)
	at ✽.the response status code should be 200(file:///C:/Users/51ram/IdeaProjects/CucumberAmazonTest/src/test/resources/features/api.feature:22)
&amp#27;[0m
  &amp#27;[36mAnd &amp#27;[0m&amp#27;[36mI should see the user details in the response&amp#27;[0m               &amp#27;[90m# stepDefinitions.ApiSteps.verifyUserDetails()&amp#27;[0m
]]></system-out>
  </testcase>
</testsuite>