<?xml version="1.0" encoding="UTF-8"?>
<testsuite xmlns:xsi="http://www.w3.org/2001/XMLSchema-instance" xsi:noNamespaceSchemaLocation="https://maven.apache.org/surefire/maven-surefire-plugin/xsd/surefire-test-report-3.0.xsd" version="3.0" name="runners.TestRunner" time="6.144" tests="5" errors="0" skipped="0" failures="4">
  <properties>
[...]
</properties>
  <testcase name="runScenario[&quot;Delete a user via API&quot;, &quot;API Tests on Reqres&quot;](4)" classname="runners.TestRunner" time="4.219">
    <system-out><![CDATA[
Scenario: Update an existing user via API                                              # src/test/resources/features/api.feature:8

Scenario: Validate delayed response from API                      # src/test/resources/features/api.feature:17

Scenario: Open Amazon Home Page         # src/test/resources/features/amazon.feature:3

Scenario: Delete a user via API                          # src/test/resources/features/api.feature:13

Scenario: Create a new user via API                                              # src/test/resources/features/api.feature:3
2025-03-09 16:51:51 [TestNG-PoolService-4] INFO  ApiSteps - Deleting user with ID: 2
2025-03-09 16:51:51 [TestNG-PoolService-3] INFO  ApiSteps - Updating user with ID: 2 to name: Mike and job: Manager
2025-03-09 16:51:51 [TestNG-PoolService-5] INFO  ApiSteps - Creating a user with name: Alice and job: Developer
2025-03-09 16:51:51 [TestNG-PoolService-2] INFO  ApiSteps - Creating a user with name: John and job: Tester
2025-03-09 16:51:53 [TestNG-PoolService-1] INFO  DriverManager - WebDriver initialized and browser maximized.
2025-03-09 16:51:53 [TestNG-PoolService-1] INFO  AmazonSteps - Opening Amazon homepage...
2025-03-09 16:51:53 [TestNG-PoolService-1] INFO  HomePage - Navigating to Amazon homepage: https://www.amazon.com
2025-03-09 16:51:54 [TestNG-PoolService-4] INFO  ApiSteps - Response status: 204
  Given I send a DELETE request to remove user with ID 2 # stepDefinitions.ApiSteps.deleteUser()
2025-03-09 16:51:54 [TestNG-PoolService-4] INFO  ApiSteps - Verifying response status code: Expected = 204, Actual = 204
  Then the response status code should be 204            # stepDefinitions.ApiSteps.verifyStatusCode(int)
  Given I send a PUT request to update user with ID 2 to name "Mike" and job "Manager" # stepDefinitions.ApiSteps.updateUser(java.lang.String,java.lang.String)
      java.io.EOFException: Unexpected end of ZLIB input stream
	at java.base/java.util.zip.InflaterInputStream.fill(InflaterInputStream.java:266)
	at java.base/java.util.zip.InflaterInputStream.read(InflaterInputStream.java:175)
	at java.base/java.util.zip.GZIPInputStream.read(GZIPInputStream.java:128)
	at org.apache.http.conn.EofSensorInputStream.read(EofSensorInputStream.java:135)
	at org.apache.http.conn.EofSensorInputStream$read$0.call(Unknown Source)
	at org.codehaus.groovy.runtime.callsite.CallSiteArray.defaultCall(CallSiteArray.java:45)
	at org.codehaus.groovy.runtime.callsite.AbstractCallSite.call(AbstractCallSite.java:125)
	at org.codehaus.groovy.runtime.callsite.AbstractCallSite.call(AbstractCallSite.java:157)
	at io.restassured.internal.RestAssuredResponseOptionsGroovyImpl.convertStreamToByteArray(RestAssuredResponseOptionsGroovyImpl.groovy:475)
	at java.base/jdk.internal.reflect.DirectMethodHandleAccessor.invoke(DirectMethodHandleAccessor.java:103)
	at java.base/java.lang.reflect.Method.invoke(Method.java:580)
	at org.codehaus.groovy.reflection.CachedMethod.invoke(CachedMethod.java:343)
	at org.codehaus.groovy.runtime.callsite.StaticMetaMethodSite$StaticMetaMethodSiteNoUnwrapNoCoerce.invoke(StaticMetaMethodSite.java:153)
	at org.codehaus.groovy.runtime.callsite.StaticMetaMethodSite.callStatic(StaticMetaMethodSite.java:102)
	at org.codehaus.groovy.runtime.callsite.CallSiteArray.defaultCallStatic(CallSiteArray.java:53)
	at org.codehaus.groovy.runtime.callsite.AbstractCallSite.callStatic(AbstractCallSite.java:217)
	at org.codehaus.groovy.runtime.callsite.AbstractCallSite.callStatic(AbstractCallSite.java:231)
	at io.restassured.internal.RestAssuredResponseOptionsGroovyImpl.charsetToString(RestAssuredResponseOptionsGroovyImpl.groovy:527)
	at io.restassured.internal.RestAssuredResponseOptionsGroovyImpl$charsetToString$9.callCurrent(Unknown Source)
	at org.codehaus.groovy.runtime.callsite.CallSiteArray.defaultCallCurrent(CallSiteArray.java:49)
	at org.codehaus.groovy.runtime.callsite.AbstractCallSite.callCurrent(AbstractCallSite.java:171)
	at org.codehaus.groovy.runtime.callsite.AbstractCallSite.callCurrent(AbstractCallSite.java:185)
	at io.restassured.internal.RestAssuredResponseOptionsGroovyImpl.asString(RestAssuredResponseOptionsGroovyImpl.groovy:188)
	at io.restassured.internal.RestAssuredResponseOptionsGroovyImpl.asString(RestAssuredResponseOptionsGroovyImpl.groovy:180)
	at io.restassured.internal.RestAssuredResponseOptionsImpl.asString(RestAssuredResponseOptionsImpl.java:234)
	at stepDefinitions.ApiSteps.updateUser(ApiSteps.java:61)
	at ✽.I send a PUT request to update user with ID 2 to name "Mike" and job "Manager"(file:///C:/Users/51ram/OneDrive/Masaüstü/CucumberAmazonTest/src/test/resources/features/api.feature:9)

  Given I send a POST request to create a user with name "John" and job "Tester" # stepDefinitions.ApiSteps.createUser(java.lang.String,java.lang.String)
      java.lang.ArrayIndexOutOfBoundsException: Range [0, 0 + -1) out of bounds for length 512
	at java.base/jdk.internal.util.Preconditions$2.apply(Preconditions.java:63)
	at java.base/jdk.internal.util.Preconditions$2.apply(Preconditions.java:60)
	at java.base/jdk.internal.util.Preconditions$4.apply(Preconditions.java:213)
	at java.base/jdk.internal.util.Preconditions$4.apply(Preconditions.java:210)
	at java.base/jdk.internal.util.Preconditions.outOfBounds(Preconditions.java:98)
	at java.base/jdk.internal.util.Preconditions.outOfBoundsCheckFromIndexSize(Preconditions.java:118)
	at java.base/jdk.internal.util.Preconditions.checkFromIndexSize(Preconditions.java:397)
	at java.base/java.util.zip.Inflater.setInput(Inflater.java:157)
	at java.base/java.util.zip.InflaterInputStream.fill(InflaterInputStream.java:268)
	at java.base/java.util.zip.InflaterInputStream.read(InflaterInputStream.java:175)
	at java.base/java.util.zip.GZIPInputStream.read(GZIPInputStream.java:128)
	at org.apache.http.conn.EofSensorInputStream.read(EofSensorInputStream.java:135)
	at org.apache.http.conn.EofSensorInputStream$read$1.call(Unknown Source)
	at org.codehaus.groovy.runtime.callsite.CallSiteArray.defaultCall(CallSiteArray.java:45)
	at org.codehaus.groovy.runtime.callsite.AbstractCallSite.call(AbstractCallSite.java:125)
	at org.codehaus.groovy.runtime.callsite.AbstractCallSite.call(AbstractCallSite.java:157)
	at io.restassured.internal.RestAssuredResponseOptionsGroovyImpl.convertStreamToByteArray(RestAssuredResponseOptionsGroovyImpl.groovy:475)
	at java.base/jdk.internal.reflect.DirectMethodHandleAccessor.invoke(DirectMethodHandleAccessor.java:103)
	at java.base/java.lang.reflect.Method.invoke(Method.java:580)
	at org.codehaus.groovy.reflection.CachedMethod.invoke(CachedMethod.java:343)
	at org.codehaus.groovy.runtime.callsite.StaticMetaMethodSite$StaticMetaMethodSiteNoUnwrapNoCoerce.invoke(StaticMetaMethodSite.java:153)
	at org.codehaus.groovy.runtime.callsite.StaticMetaMethodSite.callStatic(StaticMetaMethodSite.java:102)
	at org.codehaus.groovy.runtime.callsite.CallSiteArray.defaultCallStatic(CallSiteArray.java:53)
	at org.codehaus.groovy.runtime.callsite.AbstractCallSite.callStatic(AbstractCallSite.java:217)
	at org.codehaus.groovy.runtime.callsite.AbstractCallSite.callStatic(AbstractCallSite.java:231)
	at io.restassured.internal.RestAssuredResponseOptionsGroovyImpl.charsetToString(RestAssuredResponseOptionsGroovyImpl.groovy:527)
	at io.restassured.internal.RestAssuredResponseOptionsGroovyImpl$charsetToString$11.callCurrent(Unknown Source)
	at org.codehaus.groovy.runtime.callsite.CallSiteArray.defaultCallCurrent(CallSiteArray.java:49)
	at org.codehaus.groovy.runtime.callsite.AbstractCallSite.callCurrent(AbstractCallSite.java:171)
	at org.codehaus.groovy.runtime.callsite.AbstractCallSite.callCurrent(AbstractCallSite.java:185)
	at io.restassured.internal.RestAssuredResponseOptionsGroovyImpl.asString(RestAssuredResponseOptionsGroovyImpl.groovy:188)
	at io.restassured.internal.RestAssuredResponseOptionsGroovyImpl.asString(RestAssuredResponseOptionsGroovyImpl.groovy:180)
	at io.restassured.internal.RestAssuredResponseOptionsImpl.asString(RestAssuredResponseOptionsImpl.java:234)
	at stepDefinitions.ApiSteps.createUser(ApiSteps.java:34)
	at ✽.I send a POST request to create a user with name "John" and job "Tester"(file:///C:/Users/51ram/OneDrive/Masaüstü/CucumberAmazonTest/src/test/resources/features/api.feature:4)

  Given I create a new user with name "Alice" and job "Developer" # stepDefinitions.ApiSteps.createDelayedUser(java.lang.String,java.lang.String)
      java.io.EOFException: Unexpected end of ZLIB input stream
	at java.base/java.util.zip.InflaterInputStream.fill(InflaterInputStream.java:266)
	at java.base/java.util.zip.InflaterInputStream.read(InflaterInputStream.java:175)
	at java.base/java.util.zip.GZIPInputStream.read(GZIPInputStream.java:128)
	at org.apache.http.conn.EofSensorInputStream.read(EofSensorInputStream.java:135)
	at org.apache.http.conn.EofSensorInputStream$read.call(Unknown Source)
	at org.codehaus.groovy.runtime.callsite.CallSiteArray.defaultCall(CallSiteArray.java:45)
	at org.codehaus.groovy.runtime.callsite.AbstractCallSite.call(AbstractCallSite.java:125)
	at org.codehaus.groovy.runtime.callsite.AbstractCallSite.call(AbstractCallSite.java:157)
	at io.restassured.internal.RestAssuredResponseOptionsGroovyImpl.convertStreamToByteArray(RestAssuredResponseOptionsGroovyImpl.groovy:475)
	at java.base/jdk.internal.reflect.DirectMethodHandleAccessor.invoke(DirectMethodHandleAccessor.java:103)
	at java.base/java.lang.reflect.Method.invoke(Method.java:580)
	at org.codehaus.groovy.reflection.CachedMethod.invoke(CachedMethod.java:343)
	at org.codehaus.groovy.runtime.callsite.StaticMetaMethodSite$StaticMetaMethodSiteNoUnwrapNoCoerce.invoke(StaticMetaMethodSite.java:153)
	at org.codehaus.groovy.runtime.callsite.StaticMetaMethodSite.callStatic(StaticMetaMethodSite.java:102)
	at org.codehaus.groovy.runtime.callsite.CallSiteArray.defaultCallStatic(CallSiteArray.java:53)
	at org.codehaus.groovy.runtime.callsite.AbstractCallSite.callStatic(AbstractCallSite.java:217)
	at org.codehaus.groovy.runtime.callsite.AbstractCallSite.callStatic(AbstractCallSite.java:231)
	at io.restassured.internal.RestAssuredResponseOptionsGroovyImpl.charsetToString(RestAssuredResponseOptionsGroovyImpl.groovy:527)
	at io.restassured.internal.RestAssuredResponseOptionsGroovyImpl$charsetToString$10.callCurrent(Unknown Source)
	at org.codehaus.groovy.runtime.callsite.CallSiteArray.defaultCallCurrent(CallSiteArray.java:49)
	at org.codehaus.groovy.runtime.callsite.AbstractCallSite.callCurrent(AbstractCallSite.java:171)
	at org.codehaus.groovy.runtime.callsite.AbstractCallSite.callCurrent(AbstractCallSite.java:185)
	at io.restassured.internal.RestAssuredResponseOptionsGroovyImpl.asString(RestAssuredResponseOptionsGroovyImpl.groovy:188)
	at io.restassured.internal.RestAssuredResponseOptionsGroovyImpl.asString(RestAssuredResponseOptionsGroovyImpl.groovy:180)
	at io.restassured.internal.RestAssuredResponseOptionsImpl.asString(RestAssuredResponseOptionsImpl.java:234)
	at stepDefinitions.ApiSteps.createUser(ApiSteps.java:34)
	at stepDefinitions.ApiSteps.createDelayedUser(ApiSteps.java:85)
	at ✽.I create a new user with name "Alice" and job "Developer"(file:///C:/Users/51ram/OneDrive/Masaüstü/CucumberAmazonTest/src/test/resources/features/api.feature:18)

  Then the response status code should be 200                                          # stepDefinitions.ApiSteps.verifyStatusCode(int)
  Then the response status code should be 201                                    # stepDefinitions.ApiSteps.verifyStatusCode(int)
  When I send a request to get user details with a 5-second delay # stepDefinitions.ApiSteps.getUserWithDelay()
  And I should see the updated user details                                            # stepDefinitions.ApiSteps.verifyUpdatedUserDetails()
  Then the response status code should be 200                     # stepDefinitions.ApiSteps.verifyStatusCode(int)
  And I should see the created user's ID
  And I should see the user details in the response               # stepDefinitions.ApiSteps.verifyUserDetails()
]]></system-out>
    <system-err><![CDATA[SLF4J(W): No SLF4J providers were found.
SLF4J(W): Defaulting to no-operation (NOP) logger implementation
SLF4J(W): See https://www.slf4j.org/codes.html#noProviders for further details.
Mar 09, 2025 4:51:53 ÖS org.openqa.selenium.devtools.CdpVersionFinder findNearestMatch
WARNING: Unable to find CDP implementation matching 133
Mar 09, 2025 4:51:53 ÖS org.openqa.selenium.chromium.ChromiumDriver lambda$new$5
WARNING: Unable to find version of CDP to use for 133.0.6943.142. You may need to include a dependency on a specific version of the CDP using something similar to `org.seleniumhq.selenium:selenium-devtools-v86:4.15.0` where the version ("v86") matches the version of the chromium-based browser you're using and the version number of the artifact is the same as Selenium's.
]]></system-err>
  </testcase>
  <testcase name="runScenario[&quot;Create a new user via API&quot;, &quot;API Tests on Reqres&quot;](4)" classname="runners.TestRunner" time="4.221">
    <failure message="Range [0, 0 + -1) out of bounds for length 512" type="java.lang.ArrayIndexOutOfBoundsException"><![CDATA[java.lang.ArrayIndexOutOfBoundsException: Range [0, 0 + -1) out of bounds for length 512
]]></failure>
  </testcase>
  <testcase name="runScenario[&quot;Validate delayed response from API&quot;, &quot;API Tests on Reqres&quot;](4)" classname="runners.TestRunner" time="4.221">
    <failure message="Unexpected end of ZLIB input stream" type="java.io.EOFException"><![CDATA[java.io.EOFException: Unexpected end of ZLIB input stream
]]></failure>
  </testcase>
  <testcase name="runScenario[&quot;Update an existing user via API&quot;, &quot;API Tests on Reqres&quot;](4)" classname="runners.TestRunner" time="4.221">
    <failure message="Unexpected end of ZLIB input stream" type="java.io.EOFException"><![CDATA[java.io.EOFException: Unexpected end of ZLIB input stream
]]></failure>
  </testcase>
  <testcase name="runScenario[&quot;Open Amazon Home Page&quot;, &quot;Amazon Web Testing&quot;](5)" classname="runners.TestRunner" time="4.601">
    <failure message="Amazon homepage is not displayed! expected [https://www.amazon.com] but found [https://www.amazon.com/]" type="java.lang.AssertionError"><![CDATA[java.lang.AssertionError: Amazon homepage is not displayed! expected [https://www.amazon.com] but found [https://www.amazon.com/]
]]></failure>
    <system-out><![CDATA[  Given I open the Amazon website       # stepDefinitions.AmazonSteps.i_open_the_amazon_website()
2025-03-09 16:51:54 [TestNG-PoolService-1] INFO  AmazonSteps - Verifying Amazon homepage...
2025-03-09 16:51:54 [TestNG-PoolService-1] INFO  HomePage - Checking if Amazon homepage is displayed...
2025-03-09 16:51:54 [TestNG-PoolService-1] INFO  HomePage - Expected URL: https://www.amazon.com
2025-03-09 16:51:54 [TestNG-PoolService-1] INFO  HomePage - Actual URL: https://www.amazon.com/
  Then I should see the Amazon homepage # stepDefinitions.AmazonSteps.i_should_see_the_amazon_homepage()
      java.lang.AssertionError: Amazon homepage is not displayed! expected [https://www.amazon.com] but found [https://www.amazon.com/]
	at org.testng.Assert.fail(Assert.java:111)
	at org.testng.Assert.failNotEquals(Assert.java:1578)
	at org.testng.Assert.assertEqualsImpl(Assert.java:150)
	at org.testng.Assert.assertEquals(Assert.java:132)
	at org.testng.Assert.assertEquals(Assert.java:656)
	at pages.HomePage.isHomePageDisplayed(HomePage.java:27)
	at stepDefinitions.AmazonSteps.i_should_see_the_amazon_homepage(AmazonSteps.java:25)
	at ✽.I should see the Amazon homepage(file:///C:/Users/51ram/OneDrive/Masaüstü/CucumberAmazonTest/src/test/resources/features/amazon.feature:5)

]]></system-out>
  </testcase>
</testsuite>