<?xml version="1.0" encoding="UTF-8"?>
<testng-results ignored="0" total="12" passed="12" failed="0" skipped="0">
  <reporter-output>
  </reporter-output>
  <suite started-at="2025-03-14T18:28:12 TRT" name="Surefire suite" finished-at="2025-03-14T18:28:18 TRT" duration-ms="5798">
    <groups>
      <group name="cucumber">
        <method signature="AbstractTestNGCucumberTests.runScenario(io.cucumber.testng.PickleWrapper,io.cucumber.testng.FeatureWrapper)[pri:0, instance:runners.APITestRunner@46cdf8bd]" name="runScenario" class="io.cucumber.testng.AbstractTestNGCucumberTests"/>
        <method signature="AbstractTestNGCucumberTests.runScenario(io.cucumber.testng.PickleWrapper,io.cucumber.testng.FeatureWrapper)[pri:0, instance:runners.RegressionTestRunner@2a265ea9]" name="runScenario" class="io.cucumber.testng.AbstractTestNGCucumberTests"/>
        <method signature="AbstractTestNGCucumberTests.runScenario(io.cucumber.testng.PickleWrapper,io.cucumber.testng.FeatureWrapper)[pri:0, instance:runners.TestRunner@11392934]" name="runScenario" class="io.cucumber.testng.AbstractTestNGCucumberTests"/>
        <method signature="AbstractTestNGCucumberTests.runScenario(io.cucumber.testng.PickleWrapper,io.cucumber.testng.FeatureWrapper)[pri:0, instance:runners.UITestRunner@6892b3b6]" name="runScenario" class="io.cucumber.testng.AbstractTestNGCucumberTests"/>
      </group> <!-- cucumber -->
    </groups>
    <test started-at="2025-03-14T18:28:12 TRT" name="Surefire test" finished-at="2025-03-14T18:28:18 TRT" duration-ms="5798">
      <class name="runners.APITestRunner">
        <test-method is-config="true" signature="setUpClass(org.testng.ITestContext)[pri:0, instance:runners.APITestRunner@46cdf8bd]" started-at="2025-03-14T18:28:12 TRT" name="setUpClass" finished-at="2025-03-14T18:28:13 TRT" duration-ms="203" status="PASS">
          <params>
            <param index="0">
              <value>
                <![CDATA[org.testng.TestRunner@5bb7a59]]>
              </value>
            </param>
          </params>
          <reporter-output>
          </reporter-output>
        </test-method> <!-- setUpClass -->
        <test-method is-config="true" signature="setupAllure()[pri:0, instance:runners.APITestRunner@46cdf8bd]" started-at="2025-03-14T18:28:13 TRT" name="setupAllure" finished-at="2025-03-14T18:28:13 TRT" duration-ms="2" status="PASS">
          <reporter-output>
          </reporter-output>
        </test-method> <!-- setupAllure -->
        <test-method signature="runScenario(io.cucumber.testng.PickleWrapper,io.cucumber.testng.FeatureWrapper)[pri:0, instance:runners.APITestRunner@46cdf8bd]" started-at="2025-03-14T18:28:13 TRT" name="runScenario" description="Runs Cucumber Scenarios" data-provider="scenarios" finished-at="2025-03-14T18:28:15 TRT" duration-ms="2588" status="PASS">
          <params>
            <param index="0">
              <value>
                <![CDATA["Create a user successfully"]]>
              </value>
            </param>
            <param index="1">
              <value>
                <![CDATA["API Tests on Reqres"]]>
              </value>
            </param>
          </params>
          <reporter-output>
          </reporter-output>
        </test-method> <!-- runScenario -->
        <test-method signature="runScenario(io.cucumber.testng.PickleWrapper,io.cucumber.testng.FeatureWrapper)[pri:0, instance:runners.APITestRunner@46cdf8bd]" started-at="2025-03-14T18:28:15 TRT" name="runScenario" description="Runs Cucumber Scenarios" data-provider="scenarios" finished-at="2025-03-14T18:28:15 TRT" duration-ms="287" status="PASS">
          <params>
            <param index="0">
              <value>
                <![CDATA["Update a user successfully"]]>
              </value>
            </param>
            <param index="1">
              <value>
                <![CDATA["API Tests on Reqres"]]>
              </value>
            </param>
          </params>
          <reporter-output>
          </reporter-output>
        </test-method> <!-- runScenario -->
        <test-method signature="runScenario(io.cucumber.testng.PickleWrapper,io.cucumber.testng.FeatureWrapper)[pri:0, instance:runners.APITestRunner@46cdf8bd]" started-at="2025-03-14T18:28:16 TRT" name="runScenario" description="Runs Cucumber Scenarios" data-provider="scenarios" finished-at="2025-03-14T18:28:16 TRT" duration-ms="242" status="PASS">
          <params>
            <param index="0">
              <value>
                <![CDATA["Delete a user successfully"]]>
              </value>
            </param>
            <param index="1">
              <value>
                <![CDATA["API Tests on Reqres"]]>
              </value>
            </param>
          </params>
          <reporter-output>
          </reporter-output>
        </test-method> <!-- runScenario -->
        <test-method is-config="true" signature="tearDown()[pri:0, instance:runners.APITestRunner@46cdf8bd]" started-at="2025-03-14T18:28:16 TRT" name="tearDown" finished-at="2025-03-14T18:28:16 TRT" duration-ms="9" status="PASS">
          <reporter-output>
          </reporter-output>
        </test-method> <!-- tearDown -->
        <test-method is-config="true" signature="tearDownClass()[pri:0, instance:runners.APITestRunner@46cdf8bd]" started-at="2025-03-14T18:28:16 TRT" name="tearDownClass" finished-at="2025-03-14T18:28:16 TRT" duration-ms="3" status="PASS">
          <reporter-output>
          </reporter-output>
        </test-method> <!-- tearDownClass -->
      </class> <!-- runners.APITestRunner -->
      <class name="runners.UITestRunner">
        <test-method is-config="true" signature="setUpClass(org.testng.ITestContext)[pri:0, instance:runners.UITestRunner@6892b3b6]" started-at="2025-03-14T18:28:17 TRT" name="setUpClass" finished-at="2025-03-14T18:28:17 TRT" duration-ms="31" status="PASS">
          <params>
            <param index="0">
              <value>
                <![CDATA[org.testng.TestRunner@5bb7a59]]>
              </value>
            </param>
          </params>
          <reporter-output>
          </reporter-output>
        </test-method> <!-- setUpClass -->
        <test-method is-config="true" signature="setupAllure()[pri:0, instance:runners.UITestRunner@6892b3b6]" started-at="2025-03-14T18:28:17 TRT" name="setupAllure" finished-at="2025-03-14T18:28:17 TRT" duration-ms="1" status="PASS">
          <reporter-output>
          </reporter-output>
        </test-method> <!-- setupAllure -->
        <test-method signature="runScenario(io.cucumber.testng.PickleWrapper,io.cucumber.testng.FeatureWrapper)[pri:0, instance:runners.UITestRunner@6892b3b6]" started-at="2025-03-14T18:28:17 TRT" name="runScenario" description="Runs Cucumber Scenarios" data-provider="scenarios" finished-at="2025-03-14T18:28:18 TRT" duration-ms="263" status="PASS">
          <params>
            <param index="0">
              <value>
                <![CDATA["Create a user successfully"]]>
              </value>
            </param>
            <param index="1">
              <value>
                <![CDATA["API Tests on Reqres"]]>
              </value>
            </param>
          </params>
          <reporter-output>
          </reporter-output>
        </test-method> <!-- runScenario -->
        <test-method signature="runScenario(io.cucumber.testng.PickleWrapper,io.cucumber.testng.FeatureWrapper)[pri:0, instance:runners.UITestRunner@6892b3b6]" started-at="2025-03-14T18:28:18 TRT" name="runScenario" description="Runs Cucumber Scenarios" data-provider="scenarios" finished-at="2025-03-14T18:28:18 TRT" duration-ms="287" status="PASS">
          <params>
            <param index="0">
              <value>
                <![CDATA["Update a user successfully"]]>
              </value>
            </param>
            <param index="1">
              <value>
                <![CDATA["API Tests on Reqres"]]>
              </value>
            </param>
          </params>
          <reporter-output>
          </reporter-output>
        </test-method> <!-- runScenario -->
        <test-method signature="runScenario(io.cucumber.testng.PickleWrapper,io.cucumber.testng.FeatureWrapper)[pri:0, instance:runners.UITestRunner@6892b3b6]" started-at="2025-03-14T18:28:18 TRT" name="runScenario" description="Runs Cucumber Scenarios" data-provider="scenarios" finished-at="2025-03-14T18:28:18 TRT" duration-ms="267" status="PASS">
          <params>
            <param index="0">
              <value>
                <![CDATA["Delete a user successfully"]]>
              </value>
            </param>
            <param index="1">
              <value>
                <![CDATA["API Tests on Reqres"]]>
              </value>
            </param>
          </params>
          <reporter-output>
          </reporter-output>
        </test-method> <!-- runScenario -->
        <test-method is-config="true" signature="tearDown()[pri:0, instance:runners.UITestRunner@6892b3b6]" started-at="2025-03-14T18:28:18 TRT" name="tearDown" finished-at="2025-03-14T18:28:18 TRT" duration-ms="2" status="PASS">
          <reporter-output>
          </reporter-output>
        </test-method> <!-- tearDown -->
        <test-method is-config="true" signature="tearDownClass()[pri:0, instance:runners.UITestRunner@6892b3b6]" started-at="2025-03-14T18:28:18 TRT" name="tearDownClass" finished-at="2025-03-14T18:28:18 TRT" duration-ms="2" status="PASS">
          <reporter-output>
          </reporter-output>
        </test-method> <!-- tearDownClass -->
      </class> <!-- runners.UITestRunner -->
      <class name="runners.RegressionTestRunner">
        <test-method is-config="true" signature="setUpClass(org.testng.ITestContext)[pri:0, instance:runners.RegressionTestRunner@2a265ea9]" started-at="2025-03-14T18:28:16 TRT" name="setUpClass" finished-at="2025-03-14T18:28:16 TRT" duration-ms="22" status="PASS">
          <params>
            <param index="0">
              <value>
                <![CDATA[org.testng.TestRunner@5bb7a59]]>
              </value>
            </param>
          </params>
          <reporter-output>
          </reporter-output>
        </test-method> <!-- setUpClass -->
        <test-method is-config="true" signature="setupAllure()[pri:0, instance:runners.RegressionTestRunner@2a265ea9]" started-at="2025-03-14T18:28:16 TRT" name="setupAllure" finished-at="2025-03-14T18:28:16 TRT" duration-ms="0" status="PASS">
          <reporter-output>
          </reporter-output>
        </test-method> <!-- setupAllure -->
        <test-method signature="runScenario(io.cucumber.testng.PickleWrapper,io.cucumber.testng.FeatureWrapper)[pri:0, instance:runners.RegressionTestRunner@2a265ea9]" started-at="2025-03-14T18:28:16 TRT" name="runScenario" description="Runs Cucumber Scenarios" data-provider="scenarios" finished-at="2025-03-14T18:28:16 TRT" duration-ms="245" status="PASS">
          <params>
            <param index="0">
              <value>
                <![CDATA["Create a user successfully"]]>
              </value>
            </param>
            <param index="1">
              <value>
                <![CDATA["API Tests on Reqres"]]>
              </value>
            </param>
          </params>
          <reporter-output>
          </reporter-output>
        </test-method> <!-- runScenario -->
        <test-method signature="runScenario(io.cucumber.testng.PickleWrapper,io.cucumber.testng.FeatureWrapper)[pri:0, instance:runners.RegressionTestRunner@2a265ea9]" started-at="2025-03-14T18:28:16 TRT" name="runScenario" description="Runs Cucumber Scenarios" data-provider="scenarios" finished-at="2025-03-14T18:28:16 TRT" duration-ms="216" status="PASS">
          <params>
            <param index="0">
              <value>
                <![CDATA["Update a user successfully"]]>
              </value>
            </param>
            <param index="1">
              <value>
                <![CDATA["API Tests on Reqres"]]>
              </value>
            </param>
          </params>
          <reporter-output>
          </reporter-output>
        </test-method> <!-- runScenario -->
        <test-method signature="runScenario(io.cucumber.testng.PickleWrapper,io.cucumber.testng.FeatureWrapper)[pri:0, instance:runners.RegressionTestRunner@2a265ea9]" started-at="2025-03-14T18:28:16 TRT" name="runScenario" description="Runs Cucumber Scenarios" data-provider="scenarios" finished-at="2025-03-14T18:28:17 TRT" duration-ms="245" status="PASS">
          <params>
            <param index="0">
              <value>
                <![CDATA["Delete a user successfully"]]>
              </value>
            </param>
            <param index="1">
              <value>
                <![CDATA["API Tests on Reqres"]]>
              </value>
            </param>
          </params>
          <reporter-output>
          </reporter-output>
        </test-method> <!-- runScenario -->
        <test-method is-config="true" signature="tearDown()[pri:0, instance:runners.RegressionTestRunner@2a265ea9]" started-at="2025-03-14T18:28:17 TRT" name="tearDown" finished-at="2025-03-14T18:28:17 TRT" duration-ms="1" status="PASS">
          <reporter-output>
          </reporter-output>
        </test-method> <!-- tearDown -->
        <test-method is-config="true" signature="tearDownClass()[pri:0, instance:runners.RegressionTestRunner@2a265ea9]" started-at="2025-03-14T18:28:17 TRT" name="tearDownClass" finished-at="2025-03-14T18:28:17 TRT" duration-ms="1" status="PASS">
          <reporter-output>
          </reporter-output>
        </test-method> <!-- tearDownClass -->
      </class> <!-- runners.RegressionTestRunner -->
      <class name="runners.TestRunner">
        <test-method is-config="true" signature="setUpClass(org.testng.ITestContext)[pri:0, instance:runners.TestRunner@11392934]" started-at="2025-03-14T18:28:17 TRT" name="setUpClass" finished-at="2025-03-14T18:28:17 TRT" duration-ms="33" status="PASS">
          <params>
            <param index="0">
              <value>
                <![CDATA[org.testng.TestRunner@5bb7a59]]>
              </value>
            </param>
          </params>
          <reporter-output>
          </reporter-output>
        </test-method> <!-- setUpClass -->
        <test-method is-config="true" signature="setupAllure()[pri:0, instance:runners.TestRunner@11392934]" started-at="2025-03-14T18:28:17 TRT" name="setupAllure" finished-at="2025-03-14T18:28:17 TRT" duration-ms="0" status="PASS">
          <reporter-output>
          </reporter-output>
        </test-method> <!-- setupAllure -->
        <test-method signature="runScenario(io.cucumber.testng.PickleWrapper,io.cucumber.testng.FeatureWrapper)[pri:0, instance:runners.TestRunner@11392934]" started-at="2025-03-14T18:28:17 TRT" name="runScenario" description="Runs Cucumber Scenarios" data-provider="scenarios" finished-at="2025-03-14T18:28:17 TRT" duration-ms="222" status="PASS">
          <params>
            <param index="0">
              <value>
                <![CDATA["Create a user successfully"]]>
              </value>
            </param>
            <param index="1">
              <value>
                <![CDATA["API Tests on Reqres"]]>
              </value>
            </param>
          </params>
          <reporter-output>
          </reporter-output>
        </test-method> <!-- runScenario -->
        <test-method signature="runScenario(io.cucumber.testng.PickleWrapper,io.cucumber.testng.FeatureWrapper)[pri:0, instance:runners.TestRunner@11392934]" started-at="2025-03-14T18:28:17 TRT" name="runScenario" description="Runs Cucumber Scenarios" data-provider="scenarios" finished-at="2025-03-14T18:28:17 TRT" duration-ms="255" status="PASS">
          <params>
            <param index="0">
              <value>
                <![CDATA["Update a user successfully"]]>
              </value>
            </param>
            <param index="1">
              <value>
                <![CDATA["API Tests on Reqres"]]>
              </value>
            </param>
          </params>
          <reporter-output>
          </reporter-output>
        </test-method> <!-- runScenario -->
        <test-method signature="runScenario(io.cucumber.testng.PickleWrapper,io.cucumber.testng.FeatureWrapper)[pri:0, instance:runners.TestRunner@11392934]" started-at="2025-03-14T18:28:17 TRT" name="runScenario" description="Runs Cucumber Scenarios" data-provider="scenarios" finished-at="2025-03-14T18:28:17 TRT" duration-ms="255" status="PASS">
          <params>
            <param index="0">
              <value>
                <![CDATA["Delete a user successfully"]]>
              </value>
            </param>
            <param index="1">
              <value>
                <![CDATA["API Tests on Reqres"]]>
              </value>
            </param>
          </params>
          <reporter-output>
          </reporter-output>
        </test-method> <!-- runScenario -->
        <test-method is-config="true" signature="tearDown()[pri:0, instance:runners.TestRunner@11392934]" started-at="2025-03-14T18:28:17 TRT" name="tearDown" finished-at="2025-03-14T18:28:17 TRT" duration-ms="3" status="PASS">
          <reporter-output>
          </reporter-output>
        </test-method> <!-- tearDown -->
        <test-method is-config="true" signature="tearDownClass()[pri:0, instance:runners.TestRunner@11392934]" started-at="2025-03-14T18:28:17 TRT" name="tearDownClass" finished-at="2025-03-14T18:28:17 TRT" duration-ms="1" status="PASS">
          <reporter-output>
          </reporter-output>
        </test-method> <!-- tearDownClass -->
      </class> <!-- runners.TestRunner -->
    </test> <!-- Surefire test -->
  </suite> <!-- Surefire suite -->
</testng-results>
