<?xml version="1.0" encoding="UTF-8"?>
<testng-results ignored="0" total="12" passed="9" failed="3" skipped="0">
  <reporter-output>
  </reporter-output>
  <suite started-at="2025-03-13T01:03:31 TRT" name="Surefire suite" finished-at="2025-03-13T01:03:53 TRT" duration-ms="22575">
    <groups>
      <group name="cucumber">
        <method signature="AbstractTestNGCucumberTests.runScenario(io.cucumber.testng.PickleWrapper,io.cucumber.testng.FeatureWrapper)[pri:0, instance:runners.APITestRunner@31ea9581]" name="runScenario" class="io.cucumber.testng.AbstractTestNGCucumberTests"/>
        <method signature="AbstractTestNGCucumberTests.runScenario(io.cucumber.testng.PickleWrapper,io.cucumber.testng.FeatureWrapper)[pri:0, instance:runners.RegressionTestRunner@8462f31]" name="runScenario" class="io.cucumber.testng.AbstractTestNGCucumberTests"/>
        <method signature="AbstractTestNGCucumberTests.runScenario(io.cucumber.testng.PickleWrapper,io.cucumber.testng.FeatureWrapper)[pri:0, instance:runners.TestRunner@24569dba]" name="runScenario" class="io.cucumber.testng.AbstractTestNGCucumberTests"/>
        <method signature="AbstractTestNGCucumberTests.runScenario(io.cucumber.testng.PickleWrapper,io.cucumber.testng.FeatureWrapper)[pri:0, instance:runners.UITestRunner@5ddeb7cb]" name="runScenario" class="io.cucumber.testng.AbstractTestNGCucumberTests"/>
      </group> <!-- cucumber -->
    </groups>
    <test started-at="2025-03-13T01:03:31 TRT" name="Surefire test" finished-at="2025-03-13T01:03:53 TRT" duration-ms="22575">
      <class name="runners.APITestRunner">
        <test-method is-config="true" signature="setUpClass(org.testng.ITestContext)[pri:0, instance:runners.APITestRunner@31ea9581]" started-at="2025-03-13T01:03:31 TRT" name="setUpClass" finished-at="2025-03-13T01:03:31 TRT" duration-ms="173" status="PASS">
          <params>
            <param index="0">
              <value>
                <![CDATA[org.testng.TestRunner@39342614]]>
              </value>
            </param>
          </params>
          <reporter-output>
          </reporter-output>
        </test-method> <!-- setUpClass -->
        <test-method is-config="true" signature="setupAllure()[pri:0, instance:runners.APITestRunner@31ea9581]" started-at="2025-03-13T01:03:31 TRT" name="setupAllure" finished-at="2025-03-13T01:03:31 TRT" duration-ms="1" status="PASS">
          <reporter-output>
          </reporter-output>
        </test-method> <!-- setupAllure -->
        <test-method signature="runScenario(io.cucumber.testng.PickleWrapper,io.cucumber.testng.FeatureWrapper)[pri:0, instance:runners.APITestRunner@31ea9581]" started-at="2025-03-13T01:03:31 TRT" name="runScenario" description="Runs Cucumber Scenarios" data-provider="scenarios" finished-at="2025-03-13T01:03:33 TRT" duration-ms="2378" status="PASS">
          <params>
            <param index="0">
              <value>
                <![CDATA["Create a user successfully"]]>
              </value>
            </param>
            <param index="1">
              <value>
                <![CDATA["API Tests on Reqres"]]>
              </value>
            </param>
          </params>
          <reporter-output>
          </reporter-output>
        </test-method> <!-- runScenario -->
        <test-method signature="runScenario(io.cucumber.testng.PickleWrapper,io.cucumber.testng.FeatureWrapper)[pri:0, instance:runners.APITestRunner@31ea9581]" started-at="2025-03-13T01:03:33 TRT" name="runScenario" description="Runs Cucumber Scenarios" data-provider="scenarios" finished-at="2025-03-13T01:03:34 TRT" duration-ms="364" status="PASS">
          <params>
            <param index="0">
              <value>
                <![CDATA["Update a user successfully"]]>
              </value>
            </param>
            <param index="1">
              <value>
                <![CDATA["API Tests on Reqres"]]>
              </value>
            </param>
          </params>
          <reporter-output>
          </reporter-output>
        </test-method> <!-- runScenario -->
        <test-method signature="runScenario(io.cucumber.testng.PickleWrapper,io.cucumber.testng.FeatureWrapper)[pri:0, instance:runners.APITestRunner@31ea9581]" started-at="2025-03-13T01:03:34 TRT" name="runScenario" description="Runs Cucumber Scenarios" data-provider="scenarios" finished-at="2025-03-13T01:03:34 TRT" duration-ms="267" status="PASS">
          <params>
            <param index="0">
              <value>
                <![CDATA["Delete a user successfully"]]>
              </value>
            </param>
            <param index="1">
              <value>
                <![CDATA["API Tests on Reqres"]]>
              </value>
            </param>
          </params>
          <reporter-output>
          </reporter-output>
        </test-method> <!-- runScenario -->
        <test-method is-config="true" signature="tearDown()[pri:0, instance:runners.APITestRunner@31ea9581]" started-at="2025-03-13T01:03:34 TRT" name="tearDown" finished-at="2025-03-13T01:03:34 TRT" duration-ms="3" status="PASS">
          <reporter-output>
          </reporter-output>
        </test-method> <!-- tearDown -->
        <test-method is-config="true" signature="tearDownClass()[pri:0, instance:runners.APITestRunner@31ea9581]" started-at="2025-03-13T01:03:34 TRT" name="tearDownClass" finished-at="2025-03-13T01:03:34 TRT" duration-ms="6" status="PASS">
          <reporter-output>
          </reporter-output>
        </test-method> <!-- tearDownClass -->
      </class> <!-- runners.APITestRunner -->
      <class name="runners.UITestRunner">
        <test-method is-config="true" signature="setUpClass(org.testng.ITestContext)[pri:0, instance:runners.UITestRunner@5ddeb7cb]" started-at="2025-03-13T01:03:49 TRT" name="setUpClass" finished-at="2025-03-13T01:03:49 TRT" duration-ms="19" status="PASS">
          <params>
            <param index="0">
              <value>
                <![CDATA[org.testng.TestRunner@39342614]]>
              </value>
            </param>
          </params>
          <reporter-output>
          </reporter-output>
        </test-method> <!-- setUpClass -->
        <test-method is-config="true" signature="setupAllure()[pri:0, instance:runners.UITestRunner@5ddeb7cb]" started-at="2025-03-13T01:03:49 TRT" name="setupAllure" finished-at="2025-03-13T01:03:49 TRT" duration-ms="0" status="PASS">
          <reporter-output>
          </reporter-output>
        </test-method> <!-- setupAllure -->
        <test-method signature="runScenario(io.cucumber.testng.PickleWrapper,io.cucumber.testng.FeatureWrapper)[pri:0, instance:runners.UITestRunner@5ddeb7cb]" started-at="2025-03-13T01:03:49 TRT" name="runScenario" description="Runs Cucumber Scenarios" data-provider="scenarios" finished-at="2025-03-13T01:03:53 TRT" duration-ms="4608" status="FAIL">
          <params>
            <param index="0">
              <value>
                <![CDATA["Open Amazon Home Page"]]>
              </value>
            </param>
            <param index="1">
              <value>
                <![CDATA["Amazon Web Testing"]]>
              </value>
            </param>
          </params>
          <exception class="org.openqa.selenium.NoSuchWindowException">
            <message>
              <![CDATA[Browsing context has been discarded
Build info: version: '4.15.0', revision: '1d14b5521b'
System info: os.name: 'Windows 11', os.arch: 'amd64', os.version: '10.0', java.version: '21.0.5'
Driver info: org.openqa.selenium.firefox.FirefoxDriver
Command: [6f9f754e-ba3f-4c98-a11b-5b3375a42589, screenshot {}]
Capabilities {acceptInsecureCerts: true, browserName: firefox, browserVersion: 136.0.1, moz:accessibilityChecks: false, moz:buildID: 20250310180126, moz:geckodriverVersion: 0.36.0, moz:headless: false, moz:platformVersion: 10.0, moz:processID: 19700, moz:profile: C:\Users\51ram\AppData\Loca..., moz:shutdownTimeout: 60000, moz:webdriverClick: true, moz:windowless: false, pageLoadStrategy: normal, platformName: windows, proxy: Proxy(), setWindowRect: true, strictFileInteractability: false, timeouts: {implicit: 0, pageLoad: 300000, script: 30000}, unhandledPromptBehavior: dismiss and notify, userAgent: Mozilla/5.0 (Windows NT 10....}
Session ID: 6f9f754e-ba3f-4c98-a11b-5b3375a42589]]>
            </message>
            <full-stacktrace>
              <![CDATA[org.openqa.selenium.NoSuchWindowException: Browsing context has been discarded
Build info: version: '4.15.0', revision: '1d14b5521b'
System info: os.name: 'Windows 11', os.arch: 'amd64', os.version: '10.0', java.version: '21.0.5'
Driver info: org.openqa.selenium.firefox.FirefoxDriver
Command: [6f9f754e-ba3f-4c98-a11b-5b3375a42589, screenshot {}]
Capabilities {acceptInsecureCerts: true, browserName: firefox, browserVersion: 136.0.1, moz:accessibilityChecks: false, moz:buildID: 20250310180126, moz:geckodriverVersion: 0.36.0, moz:headless: false, moz:platformVersion: 10.0, moz:processID: 19700, moz:profile: C:\Users\51ram\AppData\Loca..., moz:shutdownTimeout: 60000, moz:webdriverClick: true, moz:windowless: false, pageLoadStrategy: normal, platformName: windows, proxy: Proxy(), setWindowRect: true, strictFileInteractability: false, timeouts: {implicit: 0, pageLoad: 300000, script: 30000}, unhandledPromptBehavior: dismiss and notify, userAgent: Mozilla/5.0 (Windows NT 10....}
Session ID: 6f9f754e-ba3f-4c98-a11b-5b3375a42589
at java.base/jdk.internal.reflect.DirectConstructorHandleAccessor.newInstance(DirectConstructorHandleAccessor.java:62)
at java.base/java.lang.reflect.Constructor.newInstanceWithCaller(Constructor.java:502)
at java.base/java.lang.reflect.Constructor.newInstance(Constructor.java:486)
at org.openqa.selenium.remote.codec.w3c.W3CHttpResponseCodec.createException(W3CHttpResponseCodec.java:200)
at org.openqa.selenium.remote.codec.w3c.W3CHttpResponseCodec.decode(W3CHttpResponseCodec.java:133)
at org.openqa.selenium.remote.codec.w3c.W3CHttpResponseCodec.decode(W3CHttpResponseCodec.java:52)
at org.openqa.selenium.remote.HttpCommandExecutor.execute(HttpCommandExecutor.java:191)
at org.openqa.selenium.remote.service.DriverCommandExecutor.invokeExecute(DriverCommandExecutor.java:200)
at org.openqa.selenium.remote.service.DriverCommandExecutor.execute(DriverCommandExecutor.java:175)
at org.openqa.selenium.remote.RemoteWebDriver.execute(RemoteWebDriver.java:607)
at org.openqa.selenium.remote.RemoteWebDriver.execute(RemoteWebDriver.java:680)
at org.openqa.selenium.remote.RemoteWebDriver.execute(RemoteWebDriver.java:684)
at org.openqa.selenium.remote.RemoteWebDriver.getScreenshotAs(RemoteWebDriver.java:330)
at utils.UICommonLib.captureScreenshot(UICommonLib.java:224)
at stepDefinitions.AmazonSteps.iOpenTheWebsite(AmazonSteps.java:39)
at ✽.I open the "amazonhome" website(file:///C:/Users/51ram/IdeaProjects/CucumberAmazonTest/src/test/resources/features/amazon.feature:7)
]]>
            </full-stacktrace>
          </exception> <!-- org.openqa.selenium.NoSuchWindowException -->
          <reporter-output>
          </reporter-output>
        </test-method> <!-- runScenario -->
        <test-method is-config="true" signature="tearDown()[pri:0, instance:runners.UITestRunner@5ddeb7cb]" started-at="2025-03-13T01:03:53 TRT" name="tearDown" finished-at="2025-03-13T01:03:53 TRT" duration-ms="14" status="FAIL">
          <exception class="org.openqa.selenium.NoSuchSessionException">
            <message>
              <![CDATA[WebDriver session does not exist, or is not active
Build info: version: '4.15.0', revision: '1d14b5521b'
System info: os.name: 'Windows 11', os.arch: 'amd64', os.version: '10.0', java.version: '21.0.5'
Driver info: org.openqa.selenium.firefox.FirefoxDriver
Command: [6f9f754e-ba3f-4c98-a11b-5b3375a42589, quit {}]
Capabilities {acceptInsecureCerts: true, browserName: firefox, browserVersion: 136.0.1, moz:accessibilityChecks: false, moz:buildID: 20250310180126, moz:geckodriverVersion: 0.36.0, moz:headless: false, moz:platformVersion: 10.0, moz:processID: 19700, moz:profile: C:\Users\51ram\AppData\Loca..., moz:shutdownTimeout: 60000, moz:webdriverClick: true, moz:windowless: false, pageLoadStrategy: normal, platformName: windows, proxy: Proxy(), setWindowRect: true, strictFileInteractability: false, timeouts: {implicit: 0, pageLoad: 300000, script: 30000}, unhandledPromptBehavior: dismiss and notify, userAgent: Mozilla/5.0 (Windows NT 10....}
Session ID: 6f9f754e-ba3f-4c98-a11b-5b3375a42589]]>
            </message>
            <full-stacktrace>
              <![CDATA[org.openqa.selenium.NoSuchSessionException: WebDriver session does not exist, or is not active
Build info: version: '4.15.0', revision: '1d14b5521b'
System info: os.name: 'Windows 11', os.arch: 'amd64', os.version: '10.0', java.version: '21.0.5'
Driver info: org.openqa.selenium.firefox.FirefoxDriver
Command: [6f9f754e-ba3f-4c98-a11b-5b3375a42589, quit {}]
Capabilities {acceptInsecureCerts: true, browserName: firefox, browserVersion: 136.0.1, moz:accessibilityChecks: false, moz:buildID: 20250310180126, moz:geckodriverVersion: 0.36.0, moz:headless: false, moz:platformVersion: 10.0, moz:processID: 19700, moz:profile: C:\Users\51ram\AppData\Loca..., moz:shutdownTimeout: 60000, moz:webdriverClick: true, moz:windowless: false, pageLoadStrategy: normal, platformName: windows, proxy: Proxy(), setWindowRect: true, strictFileInteractability: false, timeouts: {implicit: 0, pageLoad: 300000, script: 30000}, unhandledPromptBehavior: dismiss and notify, userAgent: Mozilla/5.0 (Windows NT 10....}
Session ID: 6f9f754e-ba3f-4c98-a11b-5b3375a42589
at java.base/jdk.internal.reflect.DirectConstructorHandleAccessor.newInstance(DirectConstructorHandleAccessor.java:62)
at java.base/java.lang.reflect.Constructor.newInstanceWithCaller(Constructor.java:502)
at java.base/java.lang.reflect.Constructor.newInstance(Constructor.java:486)
at org.openqa.selenium.remote.codec.w3c.W3CHttpResponseCodec.createException(W3CHttpResponseCodec.java:200)
at org.openqa.selenium.remote.codec.w3c.W3CHttpResponseCodec.decode(W3CHttpResponseCodec.java:133)
at org.openqa.selenium.remote.codec.w3c.W3CHttpResponseCodec.decode(W3CHttpResponseCodec.java:52)
at org.openqa.selenium.remote.HttpCommandExecutor.execute(HttpCommandExecutor.java:191)
at org.openqa.selenium.remote.service.DriverCommandExecutor.invokeExecute(DriverCommandExecutor.java:200)
at org.openqa.selenium.remote.service.DriverCommandExecutor.lambda$execute$1(DriverCommandExecutor.java:128)
at java.base/java.util.concurrent.CompletableFuture$AsyncSupply.run(CompletableFuture.java:1768)
at java.base/java.util.concurrent.ThreadPoolExecutor.runWorker(ThreadPoolExecutor.java:1144)
at java.base/java.util.concurrent.ThreadPoolExecutor$Worker.run(ThreadPoolExecutor.java:642)
at java.base/java.lang.Thread.run(Thread.java:1583)
]]>
            </full-stacktrace>
          </exception> <!-- org.openqa.selenium.NoSuchSessionException -->
          <reporter-output>
          </reporter-output>
        </test-method> <!-- tearDown -->
        <test-method is-config="true" signature="tearDownClass()[pri:0, instance:runners.UITestRunner@5ddeb7cb]" started-at="2025-03-13T01:03:53 TRT" name="tearDownClass" finished-at="2025-03-13T01:03:53 TRT" duration-ms="1" status="PASS">
          <reporter-output>
          </reporter-output>
        </test-method> <!-- tearDownClass -->
      </class> <!-- runners.UITestRunner -->
      <class name="runners.RegressionTestRunner">
        <test-method is-config="true" signature="setUpClass(org.testng.ITestContext)[pri:0, instance:runners.RegressionTestRunner@8462f31]" started-at="2025-03-13T01:03:34 TRT" name="setUpClass" finished-at="2025-03-13T01:03:34 TRT" duration-ms="21" status="PASS">
          <params>
            <param index="0">
              <value>
                <![CDATA[org.testng.TestRunner@39342614]]>
              </value>
            </param>
          </params>
          <reporter-output>
          </reporter-output>
        </test-method> <!-- setUpClass -->
        <test-method is-config="true" signature="setupAllure()[pri:0, instance:runners.RegressionTestRunner@8462f31]" started-at="2025-03-13T01:03:34 TRT" name="setupAllure" finished-at="2025-03-13T01:03:34 TRT" duration-ms="0" status="PASS">
          <reporter-output>
          </reporter-output>
        </test-method> <!-- setupAllure -->
        <test-method signature="runScenario(io.cucumber.testng.PickleWrapper,io.cucumber.testng.FeatureWrapper)[pri:0, instance:runners.RegressionTestRunner@8462f31]" started-at="2025-03-13T01:03:34 TRT" name="runScenario" description="Runs Cucumber Scenarios" data-provider="scenarios" finished-at="2025-03-13T01:03:47 TRT" duration-ms="13238" status="FAIL">
          <params>
            <param index="0">
              <value>
                <![CDATA["Open Amazon Home Page"]]>
              </value>
            </param>
            <param index="1">
              <value>
                <![CDATA["Amazon Web Testing"]]>
              </value>
            </param>
          </params>
          <exception class="org.openqa.selenium.WebDriverException">
            <message>
              <![CDATA[Failed to decode response from marionette
Build info: version: '4.15.0', revision: '1d14b5521b'
System info: os.name: 'Windows 11', os.arch: 'amd64', os.version: '10.0', java.version: '21.0.5'
Driver info: org.openqa.selenium.firefox.FirefoxDriver
Command: [7213ebe8-5ef5-42f6-9214-902560a1b23b, findElement {using=xpath, value=//input[@id='twotabsearchtextbox']}]
Capabilities {acceptInsecureCerts: true, browserName: firefox, browserVersion: 136.0.1, moz:accessibilityChecks: false, moz:buildID: 20250310180126, moz:geckodriverVersion: 0.36.0, moz:headless: false, moz:platformVersion: 10.0, moz:processID: 22172, moz:profile: C:\Users\51ram\AppData\Loca..., moz:shutdownTimeout: 60000, moz:webdriverClick: true, moz:windowless: false, pageLoadStrategy: normal, platformName: windows, proxy: Proxy(), setWindowRect: true, strictFileInteractability: false, timeouts: {implicit: 0, pageLoad: 300000, script: 30000}, unhandledPromptBehavior: dismiss and notify, userAgent: Mozilla/5.0 (Windows NT 10....}
Session ID: 7213ebe8-5ef5-42f6-9214-902560a1b23b]]>
            </message>
            <full-stacktrace>
              <![CDATA[org.openqa.selenium.WebDriverException: Failed to decode response from marionette
Build info: version: '4.15.0', revision: '1d14b5521b'
System info: os.name: 'Windows 11', os.arch: 'amd64', os.version: '10.0', java.version: '21.0.5'
Driver info: org.openqa.selenium.firefox.FirefoxDriver
Command: [7213ebe8-5ef5-42f6-9214-902560a1b23b, findElement {using=xpath, value=//input[@id='twotabsearchtextbox']}]
Capabilities {acceptInsecureCerts: true, browserName: firefox, browserVersion: 136.0.1, moz:accessibilityChecks: false, moz:buildID: 20250310180126, moz:geckodriverVersion: 0.36.0, moz:headless: false, moz:platformVersion: 10.0, moz:processID: 22172, moz:profile: C:\Users\51ram\AppData\Loca..., moz:shutdownTimeout: 60000, moz:webdriverClick: true, moz:windowless: false, pageLoadStrategy: normal, platformName: windows, proxy: Proxy(), setWindowRect: true, strictFileInteractability: false, timeouts: {implicit: 0, pageLoad: 300000, script: 30000}, unhandledPromptBehavior: dismiss and notify, userAgent: Mozilla/5.0 (Windows NT 10....}
Session ID: 7213ebe8-5ef5-42f6-9214-902560a1b23b
at java.base/jdk.internal.reflect.DirectConstructorHandleAccessor.newInstance(DirectConstructorHandleAccessor.java:62)
at java.base/java.lang.reflect.Constructor.newInstanceWithCaller(Constructor.java:502)
at java.base/java.lang.reflect.Constructor.newInstance(Constructor.java:486)
at org.openqa.selenium.remote.codec.w3c.W3CHttpResponseCodec.createException(W3CHttpResponseCodec.java:200)
at org.openqa.selenium.remote.codec.w3c.W3CHttpResponseCodec.decode(W3CHttpResponseCodec.java:133)
at org.openqa.selenium.remote.codec.w3c.W3CHttpResponseCodec.decode(W3CHttpResponseCodec.java:52)
at org.openqa.selenium.remote.HttpCommandExecutor.execute(HttpCommandExecutor.java:191)
at org.openqa.selenium.remote.service.DriverCommandExecutor.invokeExecute(DriverCommandExecutor.java:200)
at org.openqa.selenium.remote.service.DriverCommandExecutor.execute(DriverCommandExecutor.java:175)
at org.openqa.selenium.remote.RemoteWebDriver.execute(RemoteWebDriver.java:607)
at org.openqa.selenium.remote.ElementLocation$ElementFinder$2.findElement(ElementLocation.java:165)
at org.openqa.selenium.remote.ElementLocation.findElement(ElementLocation.java:59)
at org.openqa.selenium.remote.RemoteWebDriver.findElement(RemoteWebDriver.java:364)
at org.openqa.selenium.remote.RemoteWebDriver.findElement(RemoteWebDriver.java:358)
at org.openqa.selenium.support.ui.ExpectedConditions$7.apply(ExpectedConditions.java:194)
at org.openqa.selenium.support.ui.ExpectedConditions$7.apply(ExpectedConditions.java:190)
at org.openqa.selenium.support.ui.ExpectedConditions$22.apply(ExpectedConditions.java:627)
at org.openqa.selenium.support.ui.ExpectedConditions$22.apply(ExpectedConditions.java:624)
at org.openqa.selenium.support.ui.FluentWait.until(FluentWait.java:204)
at utils.UICommonLib.clickElement(UICommonLib.java:62)
at stepDefinitions.AmazonSteps.iClick(AmazonSteps.java:78)
at ✽.I click "HomePage" "searchBox"(file:///C:/Users/51ram/IdeaProjects/CucumberAmazonTest/src/test/resources/features/amazon.feature:9)
]]>
            </full-stacktrace>
          </exception> <!-- org.openqa.selenium.WebDriverException -->
          <reporter-output>
          </reporter-output>
        </test-method> <!-- runScenario -->
        <test-method signature="runScenario(io.cucumber.testng.PickleWrapper,io.cucumber.testng.FeatureWrapper)[pri:0, instance:runners.RegressionTestRunner@8462f31]" started-at="2025-03-13T01:03:47 TRT" name="runScenario" description="Runs Cucumber Scenarios" data-provider="scenarios" finished-at="2025-03-13T01:03:48 TRT" duration-ms="207" status="PASS">
          <params>
            <param index="0">
              <value>
                <![CDATA["Create a user successfully"]]>
              </value>
            </param>
            <param index="1">
              <value>
                <![CDATA["API Tests on Reqres"]]>
              </value>
            </param>
          </params>
          <reporter-output>
          </reporter-output>
        </test-method> <!-- runScenario -->
        <test-method signature="runScenario(io.cucumber.testng.PickleWrapper,io.cucumber.testng.FeatureWrapper)[pri:0, instance:runners.RegressionTestRunner@8462f31]" started-at="2025-03-13T01:03:48 TRT" name="runScenario" description="Runs Cucumber Scenarios" data-provider="scenarios" finished-at="2025-03-13T01:03:48 TRT" duration-ms="202" status="PASS">
          <params>
            <param index="0">
              <value>
                <![CDATA["Update a user successfully"]]>
              </value>
            </param>
            <param index="1">
              <value>
                <![CDATA["API Tests on Reqres"]]>
              </value>
            </param>
          </params>
          <reporter-output>
          </reporter-output>
        </test-method> <!-- runScenario -->
        <test-method signature="runScenario(io.cucumber.testng.PickleWrapper,io.cucumber.testng.FeatureWrapper)[pri:0, instance:runners.RegressionTestRunner@8462f31]" started-at="2025-03-13T01:03:48 TRT" name="runScenario" description="Runs Cucumber Scenarios" data-provider="scenarios" finished-at="2025-03-13T01:03:48 TRT" duration-ms="213" status="PASS">
          <params>
            <param index="0">
              <value>
                <![CDATA["Delete a user successfully"]]>
              </value>
            </param>
            <param index="1">
              <value>
                <![CDATA["API Tests on Reqres"]]>
              </value>
            </param>
          </params>
          <reporter-output>
          </reporter-output>
        </test-method> <!-- runScenario -->
        <test-method is-config="true" signature="tearDown()[pri:0, instance:runners.RegressionTestRunner@8462f31]" started-at="2025-03-13T01:03:48 TRT" name="tearDown" finished-at="2025-03-13T01:03:48 TRT" duration-ms="26" status="FAIL">
          <exception class="org.openqa.selenium.NoSuchSessionException">
            <message>
              <![CDATA[Tried to run command without establishing a connection
Build info: version: '4.15.0', revision: '1d14b5521b'
System info: os.name: 'Windows 11', os.arch: 'amd64', os.version: '10.0', java.version: '21.0.5'
Driver info: org.openqa.selenium.firefox.FirefoxDriver
Command: [7213ebe8-5ef5-42f6-9214-902560a1b23b, quit {}]
Capabilities {acceptInsecureCerts: true, browserName: firefox, browserVersion: 136.0.1, moz:accessibilityChecks: false, moz:buildID: 20250310180126, moz:geckodriverVersion: 0.36.0, moz:headless: false, moz:platformVersion: 10.0, moz:processID: 22172, moz:profile: C:\Users\51ram\AppData\Loca..., moz:shutdownTimeout: 60000, moz:webdriverClick: true, moz:windowless: false, pageLoadStrategy: normal, platformName: windows, proxy: Proxy(), setWindowRect: true, strictFileInteractability: false, timeouts: {implicit: 0, pageLoad: 300000, script: 30000}, unhandledPromptBehavior: dismiss and notify, userAgent: Mozilla/5.0 (Windows NT 10....}
Session ID: 7213ebe8-5ef5-42f6-9214-902560a1b23b]]>
            </message>
            <full-stacktrace>
              <![CDATA[org.openqa.selenium.NoSuchSessionException: Tried to run command without establishing a connection
Build info: version: '4.15.0', revision: '1d14b5521b'
System info: os.name: 'Windows 11', os.arch: 'amd64', os.version: '10.0', java.version: '21.0.5'
Driver info: org.openqa.selenium.firefox.FirefoxDriver
Command: [7213ebe8-5ef5-42f6-9214-902560a1b23b, quit {}]
Capabilities {acceptInsecureCerts: true, browserName: firefox, browserVersion: 136.0.1, moz:accessibilityChecks: false, moz:buildID: 20250310180126, moz:geckodriverVersion: 0.36.0, moz:headless: false, moz:platformVersion: 10.0, moz:processID: 22172, moz:profile: C:\Users\51ram\AppData\Loca..., moz:shutdownTimeout: 60000, moz:webdriverClick: true, moz:windowless: false, pageLoadStrategy: normal, platformName: windows, proxy: Proxy(), setWindowRect: true, strictFileInteractability: false, timeouts: {implicit: 0, pageLoad: 300000, script: 30000}, unhandledPromptBehavior: dismiss and notify, userAgent: Mozilla/5.0 (Windows NT 10....}
Session ID: 7213ebe8-5ef5-42f6-9214-902560a1b23b
at java.base/jdk.internal.reflect.DirectConstructorHandleAccessor.newInstance(DirectConstructorHandleAccessor.java:62)
at java.base/java.lang.reflect.Constructor.newInstanceWithCaller(Constructor.java:502)
at java.base/java.lang.reflect.Constructor.newInstance(Constructor.java:486)
at org.openqa.selenium.remote.codec.w3c.W3CHttpResponseCodec.createException(W3CHttpResponseCodec.java:200)
at org.openqa.selenium.remote.codec.w3c.W3CHttpResponseCodec.decode(W3CHttpResponseCodec.java:133)
at org.openqa.selenium.remote.codec.w3c.W3CHttpResponseCodec.decode(W3CHttpResponseCodec.java:52)
at org.openqa.selenium.remote.HttpCommandExecutor.execute(HttpCommandExecutor.java:191)
at org.openqa.selenium.remote.service.DriverCommandExecutor.invokeExecute(DriverCommandExecutor.java:200)
at org.openqa.selenium.remote.service.DriverCommandExecutor.lambda$execute$1(DriverCommandExecutor.java:128)
at java.base/java.util.concurrent.CompletableFuture$AsyncSupply.run(CompletableFuture.java:1768)
at java.base/java.util.concurrent.ThreadPoolExecutor.runWorker(ThreadPoolExecutor.java:1144)
at java.base/java.util.concurrent.ThreadPoolExecutor$Worker.run(ThreadPoolExecutor.java:642)
at java.base/java.lang.Thread.run(Thread.java:1583)
]]>
            </full-stacktrace>
          </exception> <!-- org.openqa.selenium.NoSuchSessionException -->
          <reporter-output>
          </reporter-output>
        </test-method> <!-- tearDown -->
        <test-method is-config="true" signature="tearDownClass()[pri:0, instance:runners.RegressionTestRunner@8462f31]" started-at="2025-03-13T01:03:48 TRT" name="tearDownClass" finished-at="2025-03-13T01:03:48 TRT" duration-ms="1" status="PASS">
          <reporter-output>
          </reporter-output>
        </test-method> <!-- tearDownClass -->
      </class> <!-- runners.RegressionTestRunner -->
      <class name="runners.TestRunner">
        <test-method is-config="true" signature="setUpClass(org.testng.ITestContext)[pri:0, instance:runners.TestRunner@24569dba]" started-at="2025-03-13T01:03:48 TRT" name="setUpClass" finished-at="2025-03-13T01:03:48 TRT" duration-ms="13" status="PASS">
          <params>
            <param index="0">
              <value>
                <![CDATA[org.testng.TestRunner@39342614]]>
              </value>
            </param>
          </params>
          <reporter-output>
          </reporter-output>
        </test-method> <!-- setUpClass -->
        <test-method is-config="true" signature="setupAllure()[pri:0, instance:runners.TestRunner@24569dba]" started-at="2025-03-13T01:03:48 TRT" name="setupAllure" finished-at="2025-03-13T01:03:48 TRT" duration-ms="0" status="PASS">
          <reporter-output>
          </reporter-output>
        </test-method> <!-- setupAllure -->
        <test-method signature="runScenario(io.cucumber.testng.PickleWrapper,io.cucumber.testng.FeatureWrapper)[pri:0, instance:runners.TestRunner@24569dba]" started-at="2025-03-13T01:03:48 TRT" name="runScenario" description="Runs Cucumber Scenarios" data-provider="scenarios" finished-at="2025-03-13T01:03:48 TRT" duration-ms="15" status="FAIL">
          <params>
            <param index="0">
              <value>
                <![CDATA["Open Amazon Home Page"]]>
              </value>
            </param>
            <param index="1">
              <value>
                <![CDATA["Amazon Web Testing"]]>
              </value>
            </param>
          </params>
          <exception class="org.openqa.selenium.NoSuchSessionException">
            <message>
              <![CDATA[Session ID is null. Using WebDriver after calling quit()?
Build info: version: '4.15.0', revision: '1d14b5521b'
System info: os.name: 'Windows 11', os.arch: 'amd64', os.version: '10.0', java.version: '21.0.5'
Driver info: org.openqa.selenium.firefox.FirefoxDriver
Command: [null, get {url=https://www.amazon.com/}]
Capabilities {acceptInsecureCerts: true, browserName: firefox, browserVersion: 136.0.1, moz:accessibilityChecks: false, moz:buildID: 20250310180126, moz:geckodriverVersion: 0.36.0, moz:headless: false, moz:platformVersion: 10.0, moz:processID: 22172, moz:profile: C:\Users\51ram\AppData\Loca..., moz:shutdownTimeout: 60000, moz:webdriverClick: true, moz:windowless: false, pageLoadStrategy: normal, platformName: windows, proxy: Proxy(), setWindowRect: true, strictFileInteractability: false, timeouts: {implicit: 0, pageLoad: 300000, script: 30000}, unhandledPromptBehavior: dismiss and notify, userAgent: Mozilla/5.0 (Windows NT 10....}]]>
            </message>
            <full-stacktrace>
              <![CDATA[org.openqa.selenium.NoSuchSessionException: Session ID is null. Using WebDriver after calling quit()?
Build info: version: '4.15.0', revision: '1d14b5521b'
System info: os.name: 'Windows 11', os.arch: 'amd64', os.version: '10.0', java.version: '21.0.5'
Driver info: org.openqa.selenium.firefox.FirefoxDriver
Command: [null, get {url=https://www.amazon.com/}]
Capabilities {acceptInsecureCerts: true, browserName: firefox, browserVersion: 136.0.1, moz:accessibilityChecks: false, moz:buildID: 20250310180126, moz:geckodriverVersion: 0.36.0, moz:headless: false, moz:platformVersion: 10.0, moz:processID: 22172, moz:profile: C:\Users\51ram\AppData\Loca..., moz:shutdownTimeout: 60000, moz:webdriverClick: true, moz:windowless: false, pageLoadStrategy: normal, platformName: windows, proxy: Proxy(), setWindowRect: true, strictFileInteractability: false, timeouts: {implicit: 0, pageLoad: 300000, script: 30000}, unhandledPromptBehavior: dismiss and notify, userAgent: Mozilla/5.0 (Windows NT 10....}
at org.openqa.selenium.remote.HttpCommandExecutor.execute(HttpCommandExecutor.java:152)
at org.openqa.selenium.remote.service.DriverCommandExecutor.invokeExecute(DriverCommandExecutor.java:200)
at org.openqa.selenium.remote.service.DriverCommandExecutor.execute(DriverCommandExecutor.java:175)
at org.openqa.selenium.remote.RemoteWebDriver.execute(RemoteWebDriver.java:607)
at org.openqa.selenium.remote.RemoteWebDriver.get(RemoteWebDriver.java:309)
at stepDefinitions.AmazonSteps.iOpenTheWebsite(AmazonSteps.java:38)
at ✽.I open the "amazonhome" website(file:///C:/Users/51ram/IdeaProjects/CucumberAmazonTest/src/test/resources/features/amazon.feature:7)
]]>
            </full-stacktrace>
          </exception> <!-- org.openqa.selenium.NoSuchSessionException -->
          <reporter-output>
          </reporter-output>
        </test-method> <!-- runScenario -->
        <test-method signature="runScenario(io.cucumber.testng.PickleWrapper,io.cucumber.testng.FeatureWrapper)[pri:0, instance:runners.TestRunner@24569dba]" started-at="2025-03-13T01:03:48 TRT" name="runScenario" description="Runs Cucumber Scenarios" data-provider="scenarios" finished-at="2025-03-13T01:03:48 TRT" duration-ms="226" status="PASS">
          <params>
            <param index="0">
              <value>
                <![CDATA["Create a user successfully"]]>
              </value>
            </param>
            <param index="1">
              <value>
                <![CDATA["API Tests on Reqres"]]>
              </value>
            </param>
          </params>
          <reporter-output>
          </reporter-output>
        </test-method> <!-- runScenario -->
        <test-method signature="runScenario(io.cucumber.testng.PickleWrapper,io.cucumber.testng.FeatureWrapper)[pri:0, instance:runners.TestRunner@24569dba]" started-at="2025-03-13T01:03:48 TRT" name="runScenario" description="Runs Cucumber Scenarios" data-provider="scenarios" finished-at="2025-03-13T01:03:49 TRT" duration-ms="231" status="PASS">
          <params>
            <param index="0">
              <value>
                <![CDATA["Update a user successfully"]]>
              </value>
            </param>
            <param index="1">
              <value>
                <![CDATA["API Tests on Reqres"]]>
              </value>
            </param>
          </params>
          <reporter-output>
          </reporter-output>
        </test-method> <!-- runScenario -->
        <test-method signature="runScenario(io.cucumber.testng.PickleWrapper,io.cucumber.testng.FeatureWrapper)[pri:0, instance:runners.TestRunner@24569dba]" started-at="2025-03-13T01:03:49 TRT" name="runScenario" description="Runs Cucumber Scenarios" data-provider="scenarios" finished-at="2025-03-13T01:03:49 TRT" duration-ms="235" status="PASS">
          <params>
            <param index="0">
              <value>
                <![CDATA["Delete a user successfully"]]>
              </value>
            </param>
            <param index="1">
              <value>
                <![CDATA["API Tests on Reqres"]]>
              </value>
            </param>
          </params>
          <reporter-output>
          </reporter-output>
        </test-method> <!-- runScenario -->
        <test-method is-config="true" signature="tearDown()[pri:0, instance:runners.TestRunner@24569dba]" started-at="2025-03-13T01:03:49 TRT" name="tearDown" finished-at="2025-03-13T01:03:49 TRT" duration-ms="2" status="PASS">
          <reporter-output>
          </reporter-output>
        </test-method> <!-- tearDown -->
        <test-method is-config="true" signature="tearDownClass()[pri:0, instance:runners.TestRunner@24569dba]" started-at="2025-03-13T01:03:49 TRT" name="tearDownClass" finished-at="2025-03-13T01:03:49 TRT" duration-ms="1" status="PASS">
          <reporter-output>
          </reporter-output>
        </test-method> <!-- tearDownClass -->
      </class> <!-- runners.TestRunner -->
    </test> <!-- Surefire test -->
  </suite> <!-- Surefire suite -->
</testng-results>
