<?xml version="1.0" encoding="UTF-8"?>
<testsuite xmlns:xsi="http://www.w3.org/2001/XMLSchema-instance" xsi:noNamespaceSchemaLocation="https://maven.apache.org/surefire/maven-surefire-plugin/xsd/surefire-test-report-3.0.xsd" version="3.0" name="runners.TestRunner" time="9.437" tests="5" errors="0" skipped="0" failures="2">
  <properties>
[...]
</properties>
  <testcase name="runScenario[&quot;Open Amazon Home Page&quot;, &quot;Amazon Web Testing&quot;](1)" classname="runners.TestRunner" time="1.026">
    <failure message="Failed to instantiate class stepDefinitions.AmazonSteps" type="io.cucumber.core.exception.CucumberException"><![CDATA[io.cucumber.core.exception.CucumberException: Failed to instantiate class stepDefinitions.AmazonSteps
Caused by: java.lang.reflect.InvocationTargetException
Caused by: java.lang.NullPointerException: Cannot invoke "org.openqa.selenium.WebDriver.manage()" because "utils.DriverManager.driver" is null
]]></failure>
    <system-out><![CDATA[
@UI @Regression
Scenario: Open Amazon Home Page                 &amp#27;[90m# src/test/resources/features/amazon.feature:6&amp#27;[0m
2025-03-12 16:08:34 [main] INFO  JsonReader - ✅ JSON files loaded successfully.
2025-03-12 16:08:34 [main] INFO  DriverManager - Initializing WebDriver for: chrome
2025-03-12 16:08:34 [main] INFO  DriverManager - ChromeDriver initialized with user data.
  &amp#27;[31mGiven &amp#27;[0m&amp#27;[31mI open the &amp#27;[0m&amp#27;[31m&amp#27;[1m"amazonhome"&amp#27;[0m&amp#27;[31m website&amp#27;[0m         &amp#27;[90m# stepDefinitions.AmazonSteps.iOpenTheWebsite(java.lang.String)&amp#27;[0m
      &amp#27;[31mio.cucumber.core.exception.CucumberException: Failed to instantiate class stepDefinitions.AmazonSteps
	at io.cucumber.core.backend.DefaultObjectFactory.cacheNewInstance(DefaultObjectFactory.java:67)
	at io.cucumber.core.backend.DefaultObjectFactory.getInstance(DefaultObjectFactory.java:45)
	at io.cucumber.java.AbstractGlueDefinition.invokeMethod(AbstractGlueDefinition.java:47)
	at io.cucumber.java.JavaStepDefinition.execute(JavaStepDefinition.java:29)
	at io.cucumber.core.runner.CoreStepDefinition.execute(CoreStepDefinition.java:66)
	at io.cucumber.core.runner.PickleStepDefinitionMatch.runStep(PickleStepDefinitionMatch.java:63)
	at io.cucumber.core.runner.ExecutionMode$1.execute(ExecutionMode.java:10)
	at io.cucumber.core.runner.TestStep.executeStep(TestStep.java:84)
	at io.cucumber.core.runner.TestStep.run(TestStep.java:56)
	at io.cucumber.core.runner.PickleStepTestStep.run(PickleStepTestStep.java:51)
	at io.cucumber.core.runner.TestCase.run(TestCase.java:84)
	at io.cucumber.core.runner.Runner.runPickle(Runner.java:75)
	at io.cucumber.testng.TestNGCucumberRunner.lambda$runScenario$1(TestNGCucumberRunner.java:132)
	at io.cucumber.core.runtime.CucumberExecutionContext.lambda$runTestCase$5(CucumberExecutionContext.java:137)
	at io.cucumber.core.runtime.RethrowingThrowableCollector.executeAndThrow(RethrowingThrowableCollector.java:23)
	at io.cucumber.core.runtime.CucumberExecutionContext.runTestCase(CucumberExecutionContext.java:137)
	at io.cucumber.testng.TestNGCucumberRunner.runScenario(TestNGCucumberRunner.java:129)
	at io.cucumber.testng.AbstractTestNGCucumberTests.runScenario(AbstractTestNGCucumberTests.java:35)
	at java.base/jdk.internal.reflect.DirectMethodHandleAccessor.invoke(DirectMethodHandleAccessor.java:103)
	at java.base/java.lang.reflect.Method.invoke(Method.java:580)
	at org.testng.internal.invokers.MethodInvocationHelper.invokeMethod(MethodInvocationHelper.java:139)
	at org.testng.internal.invokers.TestInvoker.invokeMethod(TestInvoker.java:664)
	at org.testng.internal.invokers.TestInvoker.invokeTestMethod(TestInvoker.java:228)
	at org.testng.internal.invokers.MethodRunner.runInSequence(MethodRunner.java:63)
	at org.testng.internal.invokers.TestInvoker$MethodInvocationAgent.invoke(TestInvoker.java:961)
	at org.testng.internal.invokers.TestInvoker.invokeTestMethods(TestInvoker.java:201)
	at org.testng.internal.invokers.TestMethodWorker.invokeTestMethods(TestMethodWorker.java:148)
	at org.testng.internal.invokers.TestMethodWorker.run(TestMethodWorker.java:128)
	at java.base/java.util.ArrayList.forEach(ArrayList.java:1596)
	at org.testng.TestRunner.privateRun(TestRunner.java:819)
	at org.testng.TestRunner.run(TestRunner.java:619)
	at org.testng.SuiteRunner.runTest(SuiteRunner.java:443)
	at org.testng.SuiteRunner.runSequentially(SuiteRunner.java:437)
	at org.testng.SuiteRunner.privateRun(SuiteRunner.java:397)
	at org.testng.SuiteRunner.run(SuiteRunner.java:336)
	at org.testng.SuiteRunnerWorker.runSuite(SuiteRunnerWorker.java:52)
	at org.testng.SuiteRunnerWorker.run(SuiteRunnerWorker.java:95)
	at org.testng.TestNG.runSuitesSequentially(TestNG.java:1301)
	at org.testng.TestNG.runSuitesLocally(TestNG.java:1228)
	at org.testng.TestNG.runSuites(TestNG.java:1134)
	at org.testng.TestNG.run(TestNG.java:1101)
	at org.apache.maven.surefire.testng.TestNGExecutor.run(TestNGExecutor.java:136)
	at org.apache.maven.surefire.testng.TestNGDirectoryTestSuite.executeSingleClass(TestNGDirectoryTestSuite.java:112)
	at org.apache.maven.surefire.testng.TestNGDirectoryTestSuite.execute(TestNGDirectoryTestSuite.java:99)
	at org.apache.maven.surefire.testng.TestNGProvider.invoke(TestNGProvider.java:145)
	at org.apache.maven.surefire.booter.ForkedBooter.runSuitesInProcess(ForkedBooter.java:428)
	at org.apache.maven.surefire.booter.ForkedBooter.execute(ForkedBooter.java:162)
	at org.apache.maven.surefire.booter.ForkedBooter.run(ForkedBooter.java:562)
	at org.apache.maven.surefire.booter.ForkedBooter.main(ForkedBooter.java:548)
Caused by: java.lang.reflect.InvocationTargetException
	at java.base/jdk.internal.reflect.DirectConstructorHandleAccessor.newInstance(DirectConstructorHandleAccessor.java:72)
	at java.base/java.lang.reflect.Constructor.newInstanceWithCaller(Constructor.java:502)
	at java.base/java.lang.reflect.Constructor.newInstance(Constructor.java:486)
	at io.cucumber.core.backend.DefaultObjectFactory.cacheNewInstance(DefaultObjectFactory.java:53)
	... 48 more
Caused by: java.lang.NullPointerException: Cannot invoke "org.openqa.selenium.WebDriver.manage()" because "utils.DriverManager.driver" is null
	at utils.DriverManager.getDriver(DriverManager.java:45)
	at stepDefinitions.AmazonSteps.<init>(AmazonSteps.java:18)
	at java.base/jdk.internal.reflect.DirectConstructorHandleAccessor.newInstance(DirectConstructorHandleAccessor.java:62)
	... 51 more
&amp#27;[0m
  &amp#27;[36mThen &amp#27;[0m&amp#27;[36mI verify &amp#27;[0m&amp#27;[36m&amp#27;[1m"amazonhome"&amp#27;[0m&amp#27;[36m website is correct&amp#27;[0m &amp#27;[90m# stepDefinitions.AmazonSteps.iVerifyWebsiteIsCorrect(java.lang.String)&amp#27;[0m
  &amp#27;[36mThen &amp#27;[0m&amp#27;[36mI click &amp#27;[0m&amp#27;[36m&amp#27;[1m"HomePage"&amp#27;[0m&amp#27;[36m &amp#27;[0m&amp#27;[36m&amp#27;[1m"searchBox"&amp#27;[0m           &amp#27;[90m# stepDefinitions.AmazonSteps.iClick(java.lang.String,java.lang.String)&amp#27;[0m
  &amp#27;[36mThen &amp#27;[0m&amp#27;[36mI write &amp#27;[0m&amp#27;[36m&amp#27;[1m"laptop"&amp#27;[0m&amp#27;[36m text&amp#27;[0m                    &amp#27;[90m# stepDefinitions.AmazonSteps.iWriteText(java.lang.String)&amp#27;[0m
  &amp#27;[36mThen &amp#27;[0m&amp#27;[36mI click &amp#27;[0m&amp#27;[36m&amp#27;[1m"HomePage"&amp#27;[0m&amp#27;[36m &amp#27;[0m&amp#27;[36m&amp#27;[1m"searchButton"&amp#27;[0m        &amp#27;[90m# stepDefinitions.AmazonSteps.iClick(java.lang.String,java.lang.String)&amp#27;[0m
  &amp#27;[36mThen &amp#27;[0m&amp#27;[36mI add product without discount&amp#27;[0m           &amp#27;[90m# stepDefinitions.AmazonSteps.iAddProductWithoutDiscount()&amp#27;[0m
]]></system-out>
    <system-err><![CDATA[SLF4J(W): No SLF4J providers were found.
SLF4J(W): Defaulting to no-operation (NOP) logger implementation
SLF4J(W): See https://www.slf4j.org/codes.html#noProviders for further details.
]]></system-err>
  </testcase>
  <testcase name="runScenario[&quot;Create a new user via API&quot;, &quot;API Tests on Reqres&quot;](2)" classname="runners.TestRunner" time="1.687">
    <system-out><![CDATA[
@API @Regression @POST
Scenario: Create a new user via API                                              &amp#27;[90m# src/test/resources/features/api.feature:5&amp#27;[0m
2025-03-12 16:08:34 [main] INFO  ApiSteps - Creating a user with name: John and job: Tester
2025-03-12 16:08:36 [main] INFO  ApiSteps - Response: {"name":"John","job":"Tester","id":"192","createdAt":"2025-03-12T13:08:35.574Z"}
2025-03-12 16:08:36 [main] INFO  ApiSteps - Created User ID: 192
  &amp#27;[32mGiven &amp#27;[0m&amp#27;[32mI send a POST request to create a user with name &amp#27;[0m&amp#27;[32m&amp#27;[1m"John"&amp#27;[0m&amp#27;[32m and job &amp#27;[0m&amp#27;[32m&amp#27;[1m"Tester"&amp#27;[0m &amp#27;[90m# stepDefinitions.ApiSteps.createUser(java.lang.String,java.lang.String)&amp#27;[0m
2025-03-12 16:08:36 [main] INFO  ApiSteps - Verifying response status code: Expected = 201, Actual = 201
  &amp#27;[32mThen &amp#27;[0m&amp#27;[32mthe response status code should be &amp#27;[0m&amp#27;[32m&amp#27;[1m201&amp#27;[0m                                    &amp#27;[90m# stepDefinitions.ApiSteps.verifyStatusCode(int)&amp#27;[0m
]]></system-out>
  </testcase>
  <testcase name="runScenario[&quot;Update an existing user via API&quot;, &quot;API Tests on Reqres&quot;](3)" classname="runners.TestRunner" time="0.232">
    <system-out><![CDATA[
@API @Regression
Scenario: Update an existing user via API                                              &amp#27;[90m# src/test/resources/features/api.feature:9&amp#27;[0m
2025-03-12 16:08:36 [main] INFO  ApiSteps - Updating user with ID: 2 to name: Mike and job: Manager
2025-03-12 16:08:36 [main] INFO  ApiSteps - Response: {"name":"Mike","job":"Manager","updatedAt":"2025-03-12T13:08:35.931Z"}
  &amp#27;[32mGiven &amp#27;[0m&amp#27;[32mI send a PUT request to update user with ID 2 to name &amp#27;[0m&amp#27;[32m&amp#27;[1m"Mike"&amp#27;[0m&amp#27;[32m and job &amp#27;[0m&amp#27;[32m&amp#27;[1m"Manager"&amp#27;[0m &amp#27;[90m# stepDefinitions.ApiSteps.updateUser(java.lang.String,java.lang.String)&amp#27;[0m
2025-03-12 16:08:36 [main] INFO  ApiSteps - Verifying response status code: Expected = 200, Actual = 200
  &amp#27;[32mThen &amp#27;[0m&amp#27;[32mthe response status code should be &amp#27;[0m&amp#27;[32m&amp#27;[1m200&amp#27;[0m                                          &amp#27;[90m# stepDefinitions.ApiSteps.verifyStatusCode(int)&amp#27;[0m
2025-03-12 16:08:36 [main] INFO  ApiSteps - Verifying updated user details...
2025-03-12 16:08:36 [main] INFO  ApiSteps - Updated Name: Mike
2025-03-12 16:08:36 [main] INFO  ApiSteps - Updated Job: Manager
  &amp#27;[32mAnd &amp#27;[0m&amp#27;[32mI should see the updated user details&amp#27;[0m                                            &amp#27;[90m# stepDefinitions.ApiSteps.verifyUpdatedUserDetails()&amp#27;[0m
]]></system-out>
  </testcase>
  <testcase name="runScenario[&quot;Delete a user via API&quot;, &quot;API Tests on Reqres&quot;](4)" classname="runners.TestRunner" time="0.26">
    <system-out><![CDATA[
@API @Regression
Scenario: Delete a user via API                          &amp#27;[90m# src/test/resources/features/api.feature:14&amp#27;[0m
2025-03-12 16:08:36 [main] INFO  ApiSteps - Deleting user with ID: 2
2025-03-12 16:08:36 [main] INFO  ApiSteps - Response status: 204
  &amp#27;[32mGiven &amp#27;[0m&amp#27;[32mI send a DELETE request to remove user with ID 2&amp#27;[0m &amp#27;[90m# stepDefinitions.ApiSteps.deleteUser()&amp#27;[0m
2025-03-12 16:08:36 [main] INFO  ApiSteps - Verifying response status code: Expected = 204, Actual = 204
  &amp#27;[32mThen &amp#27;[0m&amp#27;[32mthe response status code should be &amp#27;[0m&amp#27;[32m&amp#27;[1m204&amp#27;[0m            &amp#27;[90m# stepDefinitions.ApiSteps.verifyStatusCode(int)&amp#27;[0m
]]></system-out>
  </testcase>
  <testcase name="runScenario[&quot;Validate delayed response from API&quot;, &quot;API Tests on Reqres&quot;](5)" classname="runners.TestRunner" time="5.409">
    <failure message="expected [200] but found [404]" type="java.lang.AssertionError"><![CDATA[java.lang.AssertionError: expected [200] but found [404]
]]></failure>
    <system-out><![CDATA[
@API @Regression
Scenario: Validate delayed response from API                      &amp#27;[90m# src/test/resources/features/api.feature:18&amp#27;[0m
2025-03-12 16:08:36 [main] INFO  ApiSteps - Creating a user with name: Alice and job: Developer
2025-03-12 16:08:36 [main] INFO  ApiSteps - Response: {"name":"Alice","job":"Developer","id":"930","createdAt":"2025-03-12T13:08:36.406Z"}
2025-03-12 16:08:36 [main] INFO  ApiSteps - Created User ID: 930
  &amp#27;[32mGiven &amp#27;[0m&amp#27;[32mI create a new user with name &amp#27;[0m&amp#27;[32m&amp#27;[1m"Alice"&amp#27;[0m&amp#27;[32m and job &amp#27;[0m&amp#27;[32m&amp#27;[1m"Developer"&amp#27;[0m &amp#27;[90m# stepDefinitions.ApiSteps.createDelayedUser(java.lang.String,java.lang.String)&amp#27;[0m
2025-03-12 16:08:36 [main] INFO  ApiSteps - Fetching user details with a 5-second delay...
2025-03-12 16:08:42 [main] INFO  ApiSteps - Response: {}
  &amp#27;[32mWhen &amp#27;[0m&amp#27;[32mI send a request to get user details with a 5-second delay&amp#27;[0m &amp#27;[90m# stepDefinitions.ApiSteps.getUserWithDelay()&amp#27;[0m
2025-03-12 16:08:42 [main] INFO  ApiSteps - Verifying response status code: Expected = 200, Actual = 404
  &amp#27;[31mThen &amp#27;[0m&amp#27;[31mthe response status code should be &amp#27;[0m&amp#27;[31m&amp#27;[1m200&amp#27;[0m                     &amp#27;[90m# stepDefinitions.ApiSteps.verifyStatusCode(int)&amp#27;[0m
      &amp#27;[31mjava.lang.AssertionError: expected [200] but found [404]
	at org.testng.Assert.fail(Assert.java:111)
	at org.testng.Assert.failNotEquals(Assert.java:1578)
	at org.testng.Assert.assertEqualsImpl(Assert.java:150)
	at org.testng.Assert.assertEquals(Assert.java:132)
	at org.testng.Assert.assertEquals(Assert.java:1419)
	at org.testng.Assert.assertEquals(Assert.java:1383)
	at org.testng.Assert.assertEquals(Assert.java:1429)
	at stepDefinitions.ApiSteps.verifyStatusCode(ApiSteps.java:48)
	at ✽.the response status code should be 200(file:///C:/Users/51ram/IdeaProjects/CucumberAmazonTest/src/test/resources/features/api.feature:21)
&amp#27;[0m
  &amp#27;[36mAnd &amp#27;[0m&amp#27;[36mI should see the user details in the response&amp#27;[0m               &amp#27;[90m# stepDefinitions.ApiSteps.verifyUserDetails()&amp#27;[0m
]]></system-out>
  </testcase>
</testsuite>