<?xml version="1.0" encoding="UTF-8"?>
<testng-results ignored="0" total="5" passed="1" failed="4" skipped="0">
  <reporter-output>
  </reporter-output>
  <suite started-at="2025-03-09T16:51:49 TRT" name="Surefire suite" finished-at="2025-03-09T16:51:54 TRT" duration-ms="5283">
    <groups>
      <group name="cucumber">
        <method signature="AbstractTestNGCucumberTests.runScenario(io.cucumber.testng.PickleWrapper,io.cucumber.testng.FeatureWrapper)[pri:0, instance:runners.TestRunner@3012646b]" name="runScenario" class="io.cucumber.testng.AbstractTestNGCucumberTests"/>
      </group> <!-- cucumber -->
    </groups>
    <test started-at="2025-03-09T16:51:49 TRT" name="Surefire test" finished-at="2025-03-09T16:51:54 TRT" duration-ms="5283">
      <class name="runners.TestRunner">
        <test-method is-config="true" signature="setUpClass(org.testng.ITestContext)[pri:0, instance:runners.TestRunner@3012646b]" started-at="2025-03-09T16:51:49 TRT" name="setUpClass" finished-at="2025-03-09T16:51:50 TRT" duration-ms="593" status="PASS">
          <params>
            <param index="0">
              <value>
                <![CDATA[org.testng.TestRunner@5ebd56e9]]>
              </value>
            </param>
          </params>
          <reporter-output>
          </reporter-output>
        </test-method> <!-- setUpClass -->
        <test-method signature="runScenario(io.cucumber.testng.PickleWrapper,io.cucumber.testng.FeatureWrapper)[pri:0, instance:runners.TestRunner@3012646b]" started-at="2025-03-09T16:51:50 TRT" name="runScenario" description="Runs Cucumber Scenarios" data-provider="scenarios" finished-at="2025-03-09T16:51:54 TRT" duration-ms="3906" status="PASS">
          <params>
            <param index="0">
              <value>
                <![CDATA["Delete a user via API"]]>
              </value>
            </param>
            <param index="1">
              <value>
                <![CDATA["API Tests on Reqres"]]>
              </value>
            </param>
          </params>
          <reporter-output>
          </reporter-output>
        </test-method> <!-- runScenario -->
        <test-method signature="runScenario(io.cucumber.testng.PickleWrapper,io.cucumber.testng.FeatureWrapper)[pri:0, instance:runners.TestRunner@3012646b]" started-at="2025-03-09T16:51:50 TRT" name="runScenario" description="Runs Cucumber Scenarios" data-provider="scenarios" finished-at="2025-03-09T16:51:54 TRT" duration-ms="3938" status="FAIL">
          <params>
            <param index="0">
              <value>
                <![CDATA["Update an existing user via API"]]>
              </value>
            </param>
            <param index="1">
              <value>
                <![CDATA["API Tests on Reqres"]]>
              </value>
            </param>
          </params>
          <exception class="java.io.EOFException">
            <message>
              <![CDATA[Unexpected end of ZLIB input stream]]>
            </message>
            <full-stacktrace>
              <![CDATA[java.io.EOFException: Unexpected end of ZLIB input stream
at java.base/java.util.zip.InflaterInputStream.fill(InflaterInputStream.java:266)
at java.base/java.util.zip.InflaterInputStream.read(InflaterInputStream.java:175)
at java.base/java.util.zip.GZIPInputStream.read(GZIPInputStream.java:128)
at org.apache.http.conn.EofSensorInputStream.read(EofSensorInputStream.java:135)
at org.apache.http.conn.EofSensorInputStream$read$0.call(Unknown Source)
at org.codehaus.groovy.runtime.callsite.CallSiteArray.defaultCall(CallSiteArray.java:45)
at org.codehaus.groovy.runtime.callsite.AbstractCallSite.call(AbstractCallSite.java:125)
at org.codehaus.groovy.runtime.callsite.AbstractCallSite.call(AbstractCallSite.java:157)
at io.restassured.internal.RestAssuredResponseOptionsGroovyImpl.convertStreamToByteArray(RestAssuredResponseOptionsGroovyImpl.groovy:475)
at java.base/jdk.internal.reflect.DirectMethodHandleAccessor.invoke(DirectMethodHandleAccessor.java:103)
at java.base/java.lang.reflect.Method.invoke(Method.java:580)
at org.codehaus.groovy.reflection.CachedMethod.invoke(CachedMethod.java:343)
at org.codehaus.groovy.runtime.callsite.StaticMetaMethodSite$StaticMetaMethodSiteNoUnwrapNoCoerce.invoke(StaticMetaMethodSite.java:153)
at org.codehaus.groovy.runtime.callsite.StaticMetaMethodSite.callStatic(StaticMetaMethodSite.java:102)
at org.codehaus.groovy.runtime.callsite.CallSiteArray.defaultCallStatic(CallSiteArray.java:53)
at org.codehaus.groovy.runtime.callsite.AbstractCallSite.callStatic(AbstractCallSite.java:217)
at org.codehaus.groovy.runtime.callsite.AbstractCallSite.callStatic(AbstractCallSite.java:231)
at io.restassured.internal.RestAssuredResponseOptionsGroovyImpl.charsetToString(RestAssuredResponseOptionsGroovyImpl.groovy:527)
at io.restassured.internal.RestAssuredResponseOptionsGroovyImpl$charsetToString$9.callCurrent(Unknown Source)
at org.codehaus.groovy.runtime.callsite.CallSiteArray.defaultCallCurrent(CallSiteArray.java:49)
at org.codehaus.groovy.runtime.callsite.AbstractCallSite.callCurrent(AbstractCallSite.java:171)
at org.codehaus.groovy.runtime.callsite.AbstractCallSite.callCurrent(AbstractCallSite.java:185)
at io.restassured.internal.RestAssuredResponseOptionsGroovyImpl.asString(RestAssuredResponseOptionsGroovyImpl.groovy:188)
at io.restassured.internal.RestAssuredResponseOptionsGroovyImpl.asString(RestAssuredResponseOptionsGroovyImpl.groovy:180)
at io.restassured.internal.RestAssuredResponseOptionsImpl.asString(RestAssuredResponseOptionsImpl.java:234)
at stepDefinitions.ApiSteps.updateUser(ApiSteps.java:61)
at ✽.I send a PUT request to update user with ID 2 to name "Mike" and job "Manager"(file:///C:/Users/51ram/OneDrive/Masaüstü/CucumberAmazonTest/src/test/resources/features/api.feature:9)
]]>
            </full-stacktrace>
          </exception> <!-- java.io.EOFException -->
          <reporter-output>
          </reporter-output>
        </test-method> <!-- runScenario -->
        <test-method signature="runScenario(io.cucumber.testng.PickleWrapper,io.cucumber.testng.FeatureWrapper)[pri:0, instance:runners.TestRunner@3012646b]" started-at="2025-03-09T16:51:50 TRT" name="runScenario" description="Runs Cucumber Scenarios" data-provider="scenarios" finished-at="2025-03-09T16:51:54 TRT" duration-ms="3938" status="FAIL">
          <params>
            <param index="0">
              <value>
                <![CDATA["Validate delayed response from API"]]>
              </value>
            </param>
            <param index="1">
              <value>
                <![CDATA["API Tests on Reqres"]]>
              </value>
            </param>
          </params>
          <exception class="java.io.EOFException">
            <message>
              <![CDATA[Unexpected end of ZLIB input stream]]>
            </message>
            <full-stacktrace>
              <![CDATA[java.io.EOFException: Unexpected end of ZLIB input stream
at java.base/java.util.zip.InflaterInputStream.fill(InflaterInputStream.java:266)
at java.base/java.util.zip.InflaterInputStream.read(InflaterInputStream.java:175)
at java.base/java.util.zip.GZIPInputStream.read(GZIPInputStream.java:128)
at org.apache.http.conn.EofSensorInputStream.read(EofSensorInputStream.java:135)
at org.apache.http.conn.EofSensorInputStream$read.call(Unknown Source)
at org.codehaus.groovy.runtime.callsite.CallSiteArray.defaultCall(CallSiteArray.java:45)
at org.codehaus.groovy.runtime.callsite.AbstractCallSite.call(AbstractCallSite.java:125)
at org.codehaus.groovy.runtime.callsite.AbstractCallSite.call(AbstractCallSite.java:157)
at io.restassured.internal.RestAssuredResponseOptionsGroovyImpl.convertStreamToByteArray(RestAssuredResponseOptionsGroovyImpl.groovy:475)
at java.base/jdk.internal.reflect.DirectMethodHandleAccessor.invoke(DirectMethodHandleAccessor.java:103)
at java.base/java.lang.reflect.Method.invoke(Method.java:580)
at org.codehaus.groovy.reflection.CachedMethod.invoke(CachedMethod.java:343)
at org.codehaus.groovy.runtime.callsite.StaticMetaMethodSite$StaticMetaMethodSiteNoUnwrapNoCoerce.invoke(StaticMetaMethodSite.java:153)
at org.codehaus.groovy.runtime.callsite.StaticMetaMethodSite.callStatic(StaticMetaMethodSite.java:102)
at org.codehaus.groovy.runtime.callsite.CallSiteArray.defaultCallStatic(CallSiteArray.java:53)
at org.codehaus.groovy.runtime.callsite.AbstractCallSite.callStatic(AbstractCallSite.java:217)
at org.codehaus.groovy.runtime.callsite.AbstractCallSite.callStatic(AbstractCallSite.java:231)
at io.restassured.internal.RestAssuredResponseOptionsGroovyImpl.charsetToString(RestAssuredResponseOptionsGroovyImpl.groovy:527)
at io.restassured.internal.RestAssuredResponseOptionsGroovyImpl$charsetToString$10.callCurrent(Unknown Source)
at org.codehaus.groovy.runtime.callsite.CallSiteArray.defaultCallCurrent(CallSiteArray.java:49)
at org.codehaus.groovy.runtime.callsite.AbstractCallSite.callCurrent(AbstractCallSite.java:171)
at org.codehaus.groovy.runtime.callsite.AbstractCallSite.callCurrent(AbstractCallSite.java:185)
at io.restassured.internal.RestAssuredResponseOptionsGroovyImpl.asString(RestAssuredResponseOptionsGroovyImpl.groovy:188)
at io.restassured.internal.RestAssuredResponseOptionsGroovyImpl.asString(RestAssuredResponseOptionsGroovyImpl.groovy:180)
at io.restassured.internal.RestAssuredResponseOptionsImpl.asString(RestAssuredResponseOptionsImpl.java:234)
at stepDefinitions.ApiSteps.createUser(ApiSteps.java:34)
at stepDefinitions.ApiSteps.createDelayedUser(ApiSteps.java:85)
at ✽.I create a new user with name "Alice" and job "Developer"(file:///C:/Users/51ram/OneDrive/Masaüstü/CucumberAmazonTest/src/test/resources/features/api.feature:18)
]]>
            </full-stacktrace>
          </exception> <!-- java.io.EOFException -->
          <reporter-output>
          </reporter-output>
        </test-method> <!-- runScenario -->
        <test-method signature="runScenario(io.cucumber.testng.PickleWrapper,io.cucumber.testng.FeatureWrapper)[pri:0, instance:runners.TestRunner@3012646b]" started-at="2025-03-09T16:51:50 TRT" name="runScenario" description="Runs Cucumber Scenarios" data-provider="scenarios" finished-at="2025-03-09T16:51:54 TRT" duration-ms="3938" status="FAIL">
          <params>
            <param index="0">
              <value>
                <![CDATA["Create a new user via API"]]>
              </value>
            </param>
            <param index="1">
              <value>
                <![CDATA["API Tests on Reqres"]]>
              </value>
            </param>
          </params>
          <exception class="java.lang.ArrayIndexOutOfBoundsException">
            <message>
              <![CDATA[Range [0, 0 + -1) out of bounds for length 512]]>
            </message>
            <full-stacktrace>
              <![CDATA[java.lang.ArrayIndexOutOfBoundsException: Range [0, 0 + -1) out of bounds for length 512
at java.base/jdk.internal.util.Preconditions$2.apply(Preconditions.java:63)
at java.base/jdk.internal.util.Preconditions$2.apply(Preconditions.java:60)
at java.base/jdk.internal.util.Preconditions$4.apply(Preconditions.java:213)
at java.base/jdk.internal.util.Preconditions$4.apply(Preconditions.java:210)
at java.base/jdk.internal.util.Preconditions.outOfBounds(Preconditions.java:98)
at java.base/jdk.internal.util.Preconditions.outOfBoundsCheckFromIndexSize(Preconditions.java:118)
at java.base/jdk.internal.util.Preconditions.checkFromIndexSize(Preconditions.java:397)
at java.base/java.util.zip.Inflater.setInput(Inflater.java:157)
at java.base/java.util.zip.InflaterInputStream.fill(InflaterInputStream.java:268)
at java.base/java.util.zip.InflaterInputStream.read(InflaterInputStream.java:175)
at java.base/java.util.zip.GZIPInputStream.read(GZIPInputStream.java:128)
at org.apache.http.conn.EofSensorInputStream.read(EofSensorInputStream.java:135)
at org.apache.http.conn.EofSensorInputStream$read$1.call(Unknown Source)
at org.codehaus.groovy.runtime.callsite.CallSiteArray.defaultCall(CallSiteArray.java:45)
at org.codehaus.groovy.runtime.callsite.AbstractCallSite.call(AbstractCallSite.java:125)
at org.codehaus.groovy.runtime.callsite.AbstractCallSite.call(AbstractCallSite.java:157)
at io.restassured.internal.RestAssuredResponseOptionsGroovyImpl.convertStreamToByteArray(RestAssuredResponseOptionsGroovyImpl.groovy:475)
at java.base/jdk.internal.reflect.DirectMethodHandleAccessor.invoke(DirectMethodHandleAccessor.java:103)
at java.base/java.lang.reflect.Method.invoke(Method.java:580)
at org.codehaus.groovy.reflection.CachedMethod.invoke(CachedMethod.java:343)
at org.codehaus.groovy.runtime.callsite.StaticMetaMethodSite$StaticMetaMethodSiteNoUnwrapNoCoerce.invoke(StaticMetaMethodSite.java:153)
at org.codehaus.groovy.runtime.callsite.StaticMetaMethodSite.callStatic(StaticMetaMethodSite.java:102)
at org.codehaus.groovy.runtime.callsite.CallSiteArray.defaultCallStatic(CallSiteArray.java:53)
at org.codehaus.groovy.runtime.callsite.AbstractCallSite.callStatic(AbstractCallSite.java:217)
at org.codehaus.groovy.runtime.callsite.AbstractCallSite.callStatic(AbstractCallSite.java:231)
at io.restassured.internal.RestAssuredResponseOptionsGroovyImpl.charsetToString(RestAssuredResponseOptionsGroovyImpl.groovy:527)
at io.restassured.internal.RestAssuredResponseOptionsGroovyImpl$charsetToString$11.callCurrent(Unknown Source)
at org.codehaus.groovy.runtime.callsite.CallSiteArray.defaultCallCurrent(CallSiteArray.java:49)
at org.codehaus.groovy.runtime.callsite.AbstractCallSite.callCurrent(AbstractCallSite.java:171)
at org.codehaus.groovy.runtime.callsite.AbstractCallSite.callCurrent(AbstractCallSite.java:185)
at io.restassured.internal.RestAssuredResponseOptionsGroovyImpl.asString(RestAssuredResponseOptionsGroovyImpl.groovy:188)
at io.restassured.internal.RestAssuredResponseOptionsGroovyImpl.asString(RestAssuredResponseOptionsGroovyImpl.groovy:180)
at io.restassured.internal.RestAssuredResponseOptionsImpl.asString(RestAssuredResponseOptionsImpl.java:234)
at stepDefinitions.ApiSteps.createUser(ApiSteps.java:34)
at ✽.I send a POST request to create a user with name "John" and job "Tester"(file:///C:/Users/51ram/OneDrive/Masaüstü/CucumberAmazonTest/src/test/resources/features/api.feature:4)
]]>
            </full-stacktrace>
          </exception> <!-- java.lang.ArrayIndexOutOfBoundsException -->
          <reporter-output>
          </reporter-output>
        </test-method> <!-- runScenario -->
        <test-method signature="runScenario(io.cucumber.testng.PickleWrapper,io.cucumber.testng.FeatureWrapper)[pri:0, instance:runners.TestRunner@3012646b]" started-at="2025-03-09T16:51:50 TRT" name="runScenario" description="Runs Cucumber Scenarios" data-provider="scenarios" finished-at="2025-03-09T16:51:54 TRT" duration-ms="4598" status="FAIL">
          <params>
            <param index="0">
              <value>
                <![CDATA["Open Amazon Home Page"]]>
              </value>
            </param>
            <param index="1">
              <value>
                <![CDATA["Amazon Web Testing"]]>
              </value>
            </param>
          </params>
          <exception class="java.lang.AssertionError">
            <message>
              <![CDATA[Amazon homepage is not displayed! expected [https://www.amazon.com] but found [https://www.amazon.com/]]]>
            </message>
            <full-stacktrace>
              <![CDATA[java.lang.AssertionError: Amazon homepage is not displayed! expected [https://www.amazon.com] but found [https://www.amazon.com/]
at org.testng.Assert.fail(Assert.java:111)
at org.testng.Assert.failNotEquals(Assert.java:1578)
at org.testng.Assert.assertEqualsImpl(Assert.java:150)
at org.testng.Assert.assertEquals(Assert.java:132)
at org.testng.Assert.assertEquals(Assert.java:656)
at pages.HomePage.isHomePageDisplayed(HomePage.java:27)
at stepDefinitions.AmazonSteps.i_should_see_the_amazon_homepage(AmazonSteps.java:25)
at ✽.I should see the Amazon homepage(file:///C:/Users/51ram/OneDrive/Masaüstü/CucumberAmazonTest/src/test/resources/features/amazon.feature:5)
]]>
            </full-stacktrace>
          </exception> <!-- java.lang.AssertionError -->
          <reporter-output>
          </reporter-output>
        </test-method> <!-- runScenario -->
        <test-method is-config="true" signature="tearDownClass()[pri:0, instance:runners.TestRunner@3012646b]" started-at="2025-03-09T16:51:54 TRT" name="tearDownClass" finished-at="2025-03-09T16:51:54 TRT" duration-ms="30" status="PASS">
          <reporter-output>
          </reporter-output>
        </test-method> <!-- tearDownClass -->
      </class> <!-- runners.TestRunner -->
    </test> <!-- Surefire test -->
  </suite> <!-- Surefire suite -->
</testng-results>
